Loading /etc/hspf.config
Searching for TIME END TIME in /opt/model/p6/vadeq/config/control/river/vahydro_2022.con
[1] "REST AUTH INFO HAS BEEN SUPPLIED"
[1] "RETRIEVING REST TOKEN"
[1] "Login attempt successful"
[1] "token = fECiSwhm8KgZYts4ka4VeiCYWYLGDdXchAwBDFHZ8XY"
Warning message:
no DISPLAY variable so Tk is not available 

Attaching package: ‘data.table’

The following objects are masked from ‘package:dplyr’:

    between, first, last

The following objects are masked from ‘package:lubridate’:

    hour, isoweek, mday, minute, month, quarter, second, wday, week,
    yday, year

The following objects are masked from ‘package:xts’:

    first, last

Calling wdm_export_land_flow( N51177 /opt/model/p6/vadeq vahydro_2022 1984 2020
setwd /opt/model/p6/vadeq/tmp/wdm/land/aop/vahydro_2022
[1] "Creating unit flow .csv for  1 of 129"
  program to write hourly ascii output from a wdm
 wdm name, start year, end year, dsn
 hourly average =    3.9905302790836406E-004
 annual average =    3.4982929765501880     
setwd /opt/model/p6/vadeq/tmp/wdm/land/cch/vahydro_2022
[1] "Creating unit flow .csv for  2 of 129"
  program to write hourly ascii output from a wdm
 wdm name, start year, end year, dsn
 hourly average =    1.2540435186560129E-003
 annual average =    10.993555559763902     
setwd /opt/model/p6/vadeq/tmp/wdm/land/cci/vahydro_2022
[1] "Creating unit flow .csv for  3 of 129"
  program to write hourly ascii output from a wdm
 wdm name, start year, end year, dsn
 hourly average =    3.6257151316463209E-003
 annual average =    31.784782705427041     
setwd /opt/model/p6/vadeq/tmp/wdm/land/ccn/vahydro_2022
[1] "Creating unit flow .csv for  4 of 129"
  program to write hourly ascii output from a wdm
 wdm name, start year, end year, dsn
 hourly average =    1.6880971383472546E-003
 annual average =    14.798680751197717     
setwd /opt/model/p6/vadeq/tmp/wdm/land/cfr/vahydro_2022
[1] "Creating unit flow .csv for  5 of 129"
  program to write hourly ascii output from a wdm
 wdm name, start year, end year, dsn
 hourly average =    1.9109630800433729E-004
 annual average =    1.6752432017374823     
setwd /opt/model/p6/vadeq/tmp/wdm/land/cir/vahydro_2022
[1] "Creating unit flow .csv for  6 of 129"
  program to write hourly ascii output from a wdm
 wdm name, start year, end year, dsn
 hourly average =    3.6257151316463209E-003
 annual average =    31.784782705427041     
setwd /opt/model/p6/vadeq/tmp/wdm/land/cmo/vahydro_2022
[1] "Creating unit flow .csv for  7 of 129"
  program to write hourly ascii output from a wdm
 wdm name, start year, end year, dsn
 hourly average =    2.9214898467339566E-004
 annual average =    2.5611201261800707     
setwd /opt/model/p6/vadeq/tmp/wdm/land/cnr/vahydro_2022
[1] "Creating unit flow .csv for  8 of 129"
  program to write hourly ascii output from a wdm
 wdm name, start year, end year, dsn
 hourly average =    3.6257151316463209E-003
 annual average =    31.784782705427041     
setwd /opt/model/p6/vadeq/tmp/wdm/land/ctg/vahydro_2022
[1] "Creating unit flow .csv for  9 of 129"
  program to write hourly ascii output from a wdm
 wdm name, start year, end year, dsn
 hourly average =    1.2540435186560129E-003
 annual average =    10.993555559763902     
setwd /opt/model/p6/vadeq/tmp/wdm/land/dbl/vahydro_2022
[1] "Creating unit flow .csv for  10 of 129"
  program to write hourly ascii output from a wdm
 wdm name, start year, end year, dsn
 hourly average =    5.8640869352130892E-004
 annual average =    5.1407438873127500     
setwd /opt/model/p6/vadeq/tmp/wdm/land/fnp/vahydro_2022
[1] "Creating unit flow .csv for  11 of 129"
  program to write hourly ascii output from a wdm
 wdm name, start year, end year, dsn
 hourly average =    3.6257152267463490E-003
 annual average =    31.784783539120156     
setwd /opt/model/p6/vadeq/tmp/wdm/land/for/vahydro_2022
[1] "Creating unit flow .csv for  12 of 129"
  program to write hourly ascii output from a wdm
 wdm name, start year, end year, dsn
 hourly average =    1.9153966337990720E-004
 annual average =    1.6791298706461268     
setwd /opt/model/p6/vadeq/tmp/wdm/land/fsp/vahydro_2022
[1] "Creating unit flow .csv for  13 of 129"
  program to write hourly ascii output from a wdm
 wdm name, start year, end year, dsn
 hourly average =    3.6257152267463490E-003
 annual average =    31.784783539120156     
setwd /opt/model/p6/vadeq/tmp/wdm/land/gom/vahydro_2022
[1] "Creating unit flow .csv for  14 of 129"
  program to write hourly ascii output from a wdm
 wdm name, start year, end year, dsn
 hourly average =    5.8640869352130892E-004
 annual average =    5.1407438873127500     
setwd /opt/model/p6/vadeq/tmp/wdm/land/gwm/vahydro_2022
[1] "Creating unit flow .csv for  15 of 129"
  program to write hourly ascii output from a wdm
 wdm name, start year, end year, dsn
 hourly average =    5.8640869352130892E-004
 annual average =    5.1407438873127500     
setwd /opt/model/p6/vadeq/tmp/wdm/land/hfr/vahydro_2022
[1] "Creating unit flow .csv for  16 of 129"
  program to write hourly ascii output from a wdm
 wdm name, start year, end year, dsn
 hourly average =    4.6559877292111937E-004
 annual average =    4.0816653509376835     
setwd /opt/model/p6/vadeq/tmp/wdm/land/lhy/vahydro_2022
[1] "Creating unit flow .csv for  17 of 129"
  program to write hourly ascii output from a wdm
 wdm name, start year, end year, dsn
 hourly average =    3.9223272636840049E-004
 annual average =    3.4385028952663346     
setwd /opt/model/p6/vadeq/tmp/wdm/land/mch/vahydro_2022
[1] "Creating unit flow .csv for  18 of 129"
  program to write hourly ascii output from a wdm
 wdm name, start year, end year, dsn
 hourly average =    1.2540435186560129E-003
 annual average =    10.993555559763902     
setwd /opt/model/p6/vadeq/tmp/wdm/land/mci/vahydro_2022
[1] "Creating unit flow .csv for  19 of 129"
  program to write hourly ascii output from a wdm
 wdm name, start year, end year, dsn
 hourly average =    3.6257151316463209E-003
 annual average =    31.784782705427041     
setwd /opt/model/p6/vadeq/tmp/wdm/land/mcn/vahydro_2022
[1] "Creating unit flow .csv for  20 of 129"
  program to write hourly ascii output from a wdm
 wdm name, start year, end year, dsn
 hourly average =    1.6880971383472546E-003
 annual average =    14.798680751197717     
setwd /opt/model/p6/vadeq/tmp/wdm/land/mir/vahydro_2022
[1] "Creating unit flow .csv for  21 of 129"
  program to write hourly ascii output from a wdm
 wdm name, start year, end year, dsn
 hourly average =    3.6257151316463209E-003
 annual average =    31.784782705427041     
setwd /opt/model/p6/vadeq/tmp/wdm/land/mnr/vahydro_2022
[1] "Creating unit flow .csv for  22 of 129"
  program to write hourly ascii output from a wdm
 wdm name, start year, end year, dsn
 hourly average =    3.6257151316463209E-003
 annual average =    31.784782705427041     
setwd /opt/model/p6/vadeq/tmp/wdm/land/mtg/vahydro_2022
[1] "Creating unit flow .csv for  23 of 129"
  program to write hourly ascii output from a wdm
 wdm name, start year, end year, dsn
 hourly average =    1.2540435186560129E-003
 annual average =    10.993555559763902     
setwd /opt/model/p6/vadeq/tmp/wdm/land/nch/vahydro_2022
[1] "Creating unit flow .csv for  24 of 129"
  program to write hourly ascii output from a wdm
 wdm name, start year, end year, dsn
 hourly average =    1.2540435186560129E-003
 annual average =    10.993555559763902     
setwd /opt/model/p6/vadeq/tmp/wdm/land/nci/vahydro_2022
[1] "Creating unit flow .csv for  25 of 129"
  program to write hourly ascii output from a wdm
 wdm name, start year, end year, dsn
 hourly average =    3.6257151316463209E-003
 annual average =    31.784782705427041     
setwd /opt/model/p6/vadeq/tmp/wdm/land/nir/vahydro_2022
[1] "Creating unit flow .csv for  26 of 129"
  program to write hourly ascii output from a wdm
 wdm name, start year, end year, dsn
 hourly average =    3.6257151316463209E-003
 annual average =    31.784782705427041     
setwd /opt/model/p6/vadeq/tmp/wdm/land/nnr/vahydro_2022
[1] "Creating unit flow .csv for  27 of 129"
  program to write hourly ascii output from a wdm
 wdm name, start year, end year, dsn
 hourly average =    3.6257151316463209E-003
 annual average =    31.784782705427041     
setwd /opt/model/p6/vadeq/tmp/wdm/land/ntg/vahydro_2022
[1] "Creating unit flow .csv for  28 of 129"
  program to write hourly ascii output from a wdm
 wdm name, start year, end year, dsn
 hourly average =    1.2540435186560129E-003
 annual average =    10.993555559763902     
setwd /opt/model/p6/vadeq/tmp/wdm/land/oac/vahydro_2022
[1] "Creating unit flow .csv for  29 of 129"
  program to write hourly ascii output from a wdm
 wdm name, start year, end year, dsn
 hourly average =    5.8640869352130892E-004
 annual average =    5.1407438873127500     
setwd /opt/model/p6/vadeq/tmp/wdm/land/ohy/vahydro_2022
[1] "Creating unit flow .csv for  30 of 129"
  program to write hourly ascii output from a wdm
 wdm name, start year, end year, dsn
 hourly average =    3.9223272636840049E-004
 annual average =    3.4385028952663346     
setwd /opt/model/p6/vadeq/tmp/wdm/land/osp/vahydro_2022
[1] "Creating unit flow .csv for  31 of 129"
  program to write hourly ascii output from a wdm
 wdm name, start year, end year, dsn
 hourly average =    2.9286950082247552E-004
 annual average =    2.5674365212642747     
setwd /opt/model/p6/vadeq/tmp/wdm/land/pas/vahydro_2022
[1] "Creating unit flow .csv for  32 of 129"
  program to write hourly ascii output from a wdm
 wdm name, start year, end year, dsn
 hourly average =    3.9223272636840049E-004
 annual average =    3.4385028952663346     
setwd /opt/model/p6/vadeq/tmp/wdm/land/sch/vahydro_2022
[1] "Creating unit flow .csv for  33 of 129"
  program to write hourly ascii output from a wdm
 wdm name, start year, end year, dsn
 hourly average =    5.8640869352130892E-004
 annual average =    5.1407438873127500     
setwd /opt/model/p6/vadeq/tmp/wdm/land/scl/vahydro_2022
[1] "Creating unit flow .csv for  34 of 129"
  program to write hourly ascii output from a wdm
 wdm name, start year, end year, dsn
 hourly average =    5.8640869352130892E-004
 annual average =    5.1407438873127500     
setwd /opt/model/p6/vadeq/tmp/wdm/land/sgg/vahydro_2022
[1] "Creating unit flow .csv for  35 of 129"
  program to write hourly ascii output from a wdm
 wdm name, start year, end year, dsn
 hourly average =    5.8640869352130892E-004
 annual average =    5.1407438873127500     
setwd /opt/model/p6/vadeq/tmp/wdm/land/sho/vahydro_2022
[1] "Creating unit flow .csv for  36 of 129"
  program to write hourly ascii output from a wdm
 wdm name, start year, end year, dsn
 hourly average =    3.6257151316463209E-003
 annual average =    31.784782705427041     
setwd /opt/model/p6/vadeq/tmp/wdm/land/som/vahydro_2022
[1] "Creating unit flow .csv for  37 of 129"
  program to write hourly ascii output from a wdm
 wdm name, start year, end year, dsn
 hourly average =    5.8640869352130892E-004
 annual average =    5.1407438873127500     
setwd /opt/model/p6/vadeq/tmp/wdm/land/soy/vahydro_2022
[1] "Creating unit flow .csv for  38 of 129"
  program to write hourly ascii output from a wdm
 wdm name, start year, end year, dsn
 hourly average =    5.8640869352130892E-004
 annual average =    5.1407438873127500     
setwd /opt/model/p6/vadeq/tmp/wdm/land/stb/vahydro_2022
[1] "Creating unit flow .csv for  39 of 129"
  program to write hourly ascii output from a wdm
 wdm name, start year, end year, dsn
 hourly average =    3.6257151316463209E-003
 annual average =    31.784782705427041     
setwd /opt/model/p6/vadeq/tmp/wdm/land/stf/vahydro_2022
[1] "Creating unit flow .csv for  40 of 129"
  program to write hourly ascii output from a wdm
 wdm name, start year, end year, dsn
 hourly average =    3.6257151316463209E-003
 annual average =    31.784782705427041     
setwd /opt/model/p6/vadeq/tmp/wdm/land/swm/vahydro_2022
[1] "Creating unit flow .csv for  41 of 129"
  program to write hourly ascii output from a wdm
 wdm name, start year, end year, dsn
 hourly average =    5.8640869352130892E-004
 annual average =    5.1407438873127500     
setwd /opt/model/p6/vadeq/tmp/wdm/land/wfp/vahydro_2022
[1] "Creating unit flow .csv for  42 of 129"
  program to write hourly ascii output from a wdm
 wdm name, start year, end year, dsn
 hourly average =    1.9153966337990720E-004
 annual average =    1.6791298706461268     
setwd /opt/model/p6/vadeq/tmp/wdm/land/wto/vahydro_2022
[1] "Creating unit flow .csv for  43 of 129"
  program to write hourly ascii output from a wdm
 wdm name, start year, end year, dsn
 hourly average =    1.9153966337990720E-004
 annual average =    1.6791298706461268     
setwd /opt/model/p6/vadeq/tmp/wdm/land/aop/vahydro_2022
[1] "Creating unit flow .csv for  44 of 129"
  program to write hourly ascii output from a wdm
 wdm name, start year, end year, dsn
 hourly average =    4.1610182909269374E-004
 annual average =    3.6477510617434095     
setwd /opt/model/p6/vadeq/tmp/wdm/land/cch/vahydro_2022
[1] "Creating unit flow .csv for  45 of 129"
  program to write hourly ascii output from a wdm
 wdm name, start year, end year, dsn
 hourly average =    3.7884111839735143E-004
 annual average =    3.3211055449558082     
setwd /opt/model/p6/vadeq/tmp/wdm/land/cci/vahydro_2022
[1] "Creating unit flow .csv for  46 of 129"
  program to write hourly ascii output from a wdm
 wdm name, start year, end year, dsn
 hourly average =    0.0000000000000000     
 annual average =    0.0000000000000000     
setwd /opt/model/p6/vadeq/tmp/wdm/land/ccn/vahydro_2022
[1] "Creating unit flow .csv for  47 of 129"
  program to write hourly ascii output from a wdm
 wdm name, start year, end year, dsn
 hourly average =    1.7220543914855371E-004
 annual average =    1.5096366551952671     
setwd /opt/model/p6/vadeq/tmp/wdm/land/cfr/vahydro_2022
[1] "Creating unit flow .csv for  48 of 129"
  program to write hourly ascii output from a wdm
 wdm name, start year, end year, dsn
 hourly average =    4.5166455435074310E-004
 annual average =    3.9595112121407303     
setwd /opt/model/p6/vadeq/tmp/wdm/land/cir/vahydro_2022
[1] "Creating unit flow .csv for  49 of 129"
  program to write hourly ascii output from a wdm
 wdm name, start year, end year, dsn
 hourly average =    0.0000000000000000     
 annual average =    0.0000000000000000     
setwd /opt/model/p6/vadeq/tmp/wdm/land/cmo/vahydro_2022
[1] "Creating unit flow .csv for  50 of 129"
  program to write hourly ascii output from a wdm
 wdm name, start year, end year, dsn
 hourly average =    4.2759244353289538E-004
 annual average =    3.7484833779548632     
setwd /opt/model/p6/vadeq/tmp/wdm/land/cnr/vahydro_2022
[1] "Creating unit flow .csv for  51 of 129"
  program to write hourly ascii output from a wdm
 wdm name, start year, end year, dsn
 hourly average =    0.0000000000000000     
 annual average =    0.0000000000000000     
setwd /opt/model/p6/vadeq/tmp/wdm/land/ctg/vahydro_2022
[1] "Creating unit flow .csv for  52 of 129"
  program to write hourly ascii output from a wdm
 wdm name, start year, end year, dsn
 hourly average =    3.7884111839735143E-004
 annual average =    3.3211055449558082     
setwd /opt/model/p6/vadeq/tmp/wdm/land/dbl/vahydro_2022
[1] "Creating unit flow .csv for  53 of 129"
  program to write hourly ascii output from a wdm
 wdm name, start year, end year, dsn
 hourly average =    4.5229249408388456E-004
 annual average =    3.9650160373256433     
setwd /opt/model/p6/vadeq/tmp/wdm/land/fnp/vahydro_2022
[1] "Creating unit flow .csv for  54 of 129"
  program to write hourly ascii output from a wdm
 wdm name, start year, end year, dsn
 hourly average =    0.0000000000000000     
 annual average =    0.0000000000000000     
setwd /opt/model/p6/vadeq/tmp/wdm/land/for/vahydro_2022
[1] "Creating unit flow .csv for  55 of 129"
  program to write hourly ascii output from a wdm
 wdm name, start year, end year, dsn
 hourly average =    4.4270772918382343E-004
 annual average =    3.8809913253531070     
setwd /opt/model/p6/vadeq/tmp/wdm/land/fsp/vahydro_2022
[1] "Creating unit flow .csv for  56 of 129"
  program to write hourly ascii output from a wdm
 wdm name, start year, end year, dsn
 hourly average =    0.0000000000000000     
 annual average =    0.0000000000000000     
setwd /opt/model/p6/vadeq/tmp/wdm/land/gom/vahydro_2022
[1] "Creating unit flow .csv for  57 of 129"
  program to write hourly ascii output from a wdm
 wdm name, start year, end year, dsn
 hourly average =    4.5229249408388456E-004
 annual average =    3.9650160373256433     
setwd /opt/model/p6/vadeq/tmp/wdm/land/gwm/vahydro_2022
[1] "Creating unit flow .csv for  58 of 129"
  program to write hourly ascii output from a wdm
 wdm name, start year, end year, dsn
 hourly average =    4.5229249408388456E-004
 annual average =    3.9650160373256433     
setwd /opt/model/p6/vadeq/tmp/wdm/land/hfr/vahydro_2022
[1] "Creating unit flow .csv for  59 of 129"
  program to write hourly ascii output from a wdm
 wdm name, start year, end year, dsn
 hourly average =    5.1332869431831559E-004
 annual average =    4.5000890618672660     
setwd /opt/model/p6/vadeq/tmp/wdm/land/lhy/vahydro_2022
[1] "Creating unit flow .csv for  60 of 129"
  program to write hourly ascii output from a wdm
 wdm name, start year, end year, dsn
 hourly average =    4.2004872283530850E-004
 annual average =    3.6823514524016394     
setwd /opt/model/p6/vadeq/tmp/wdm/land/mch/vahydro_2022
[1] "Creating unit flow .csv for  61 of 129"
  program to write hourly ascii output from a wdm
 wdm name, start year, end year, dsn
 hourly average =    3.7884111839735143E-004
 annual average =    3.3211055449558082     
setwd /opt/model/p6/vadeq/tmp/wdm/land/mci/vahydro_2022
[1] "Creating unit flow .csv for  62 of 129"
  program to write hourly ascii output from a wdm
 wdm name, start year, end year, dsn
 hourly average =    0.0000000000000000     
 annual average =    0.0000000000000000     
setwd /opt/model/p6/vadeq/tmp/wdm/land/mcn/vahydro_2022
[1] "Creating unit flow .csv for  63 of 129"
  program to write hourly ascii output from a wdm
 wdm name, start year, end year, dsn
 hourly average =    1.7220543914855371E-004
 annual average =    1.5096366551952671     
setwd /opt/model/p6/vadeq/tmp/wdm/land/mir/vahydro_2022
[1] "Creating unit flow .csv for  64 of 129"
  program to write hourly ascii output from a wdm
 wdm name, start year, end year, dsn
 hourly average =    0.0000000000000000     
 annual average =    0.0000000000000000     
setwd /opt/model/p6/vadeq/tmp/wdm/land/mnr/vahydro_2022
[1] "Creating unit flow .csv for  65 of 129"
  program to write hourly ascii output from a wdm
 wdm name, start year, end year, dsn
 hourly average =    0.0000000000000000     
 annual average =    0.0000000000000000     
setwd /opt/model/p6/vadeq/tmp/wdm/land/mtg/vahydro_2022
[1] "Creating unit flow .csv for  66 of 129"
  program to write hourly ascii output from a wdm
 wdm name, start year, end year, dsn
 hourly average =    3.7884111839735143E-004
 annual average =    3.3211055449558082     
setwd /opt/model/p6/vadeq/tmp/wdm/land/nch/vahydro_2022
[1] "Creating unit flow .csv for  67 of 129"
  program to write hourly ascii output from a wdm
 wdm name, start year, end year, dsn
 hourly average =    3.7884111839735143E-004
 annual average =    3.3211055449558082     
setwd /opt/model/p6/vadeq/tmp/wdm/land/nci/vahydro_2022
[1] "Creating unit flow .csv for  68 of 129"
  program to write hourly ascii output from a wdm
 wdm name, start year, end year, dsn
 hourly average =    0.0000000000000000     
 annual average =    0.0000000000000000     
setwd /opt/model/p6/vadeq/tmp/wdm/land/nir/vahydro_2022
[1] "Creating unit flow .csv for  69 of 129"
  program to write hourly ascii output from a wdm
 wdm name, start year, end year, dsn
 hourly average =    0.0000000000000000     
 annual average =    0.0000000000000000     
setwd /opt/model/p6/vadeq/tmp/wdm/land/nnr/vahydro_2022
[1] "Creating unit flow .csv for  70 of 129"
  program to write hourly ascii output from a wdm
 wdm name, start year, end year, dsn
 hourly average =    0.0000000000000000     
 annual average =    0.0000000000000000     
setwd /opt/model/p6/vadeq/tmp/wdm/land/ntg/vahydro_2022
[1] "Creating unit flow .csv for  71 of 129"
  program to write hourly ascii output from a wdm
 wdm name, start year, end year, dsn
 hourly average =    3.7884111839735143E-004
 annual average =    3.3211055449558082     
setwd /opt/model/p6/vadeq/tmp/wdm/land/oac/vahydro_2022
[1] "Creating unit flow .csv for  72 of 129"
  program to write hourly ascii output from a wdm
 wdm name, start year, end year, dsn
 hourly average =    4.5229249408388456E-004
 annual average =    3.9650160373256433     
setwd /opt/model/p6/vadeq/tmp/wdm/land/ohy/vahydro_2022
[1] "Creating unit flow .csv for  73 of 129"
  program to write hourly ascii output from a wdm
 wdm name, start year, end year, dsn
 hourly average =    4.2004872283530850E-004
 annual average =    3.6823514524016394     
setwd /opt/model/p6/vadeq/tmp/wdm/land/osp/vahydro_2022
[1] "Creating unit flow .csv for  74 of 129"
  program to write hourly ascii output from a wdm
 wdm name, start year, end year, dsn
 hourly average =    4.2688974295429353E-004
 annual average =    3.7423231628285039     
setwd /opt/model/p6/vadeq/tmp/wdm/land/pas/vahydro_2022
[1] "Creating unit flow .csv for  75 of 129"
  program to write hourly ascii output from a wdm
 wdm name, start year, end year, dsn
 hourly average =    4.2004872283530850E-004
 annual average =    3.6823514524016394     
setwd /opt/model/p6/vadeq/tmp/wdm/land/sch/vahydro_2022
[1] "Creating unit flow .csv for  76 of 129"
  program to write hourly ascii output from a wdm
 wdm name, start year, end year, dsn
 hourly average =    4.5229249408388456E-004
 annual average =    3.9650160373256433     
setwd /opt/model/p6/vadeq/tmp/wdm/land/scl/vahydro_2022
[1] "Creating unit flow .csv for  77 of 129"
  program to write hourly ascii output from a wdm
 wdm name, start year, end year, dsn
 hourly average =    4.5229249408388456E-004
 annual average =    3.9650160373256433     
setwd /opt/model/p6/vadeq/tmp/wdm/land/sgg/vahydro_2022
[1] "Creating unit flow .csv for  78 of 129"
  program to write hourly ascii output from a wdm
 wdm name, start year, end year, dsn
 hourly average =    4.5229249408388456E-004
 annual average =    3.9650160373256433     
setwd /opt/model/p6/vadeq/tmp/wdm/land/sho/vahydro_2022
[1] "Creating unit flow .csv for  79 of 129"
  program to write hourly ascii output from a wdm
 wdm name, start year, end year, dsn
 hourly average =    0.0000000000000000     
 annual average =    0.0000000000000000     
setwd /opt/model/p6/vadeq/tmp/wdm/land/som/vahydro_2022
[1] "Creating unit flow .csv for  80 of 129"
  program to write hourly ascii output from a wdm
 wdm name, start year, end year, dsn
 hourly average =    4.5229249408388456E-004
 annual average =    3.9650160373256433     
setwd /opt/model/p6/vadeq/tmp/wdm/land/soy/vahydro_2022
[1] "Creating unit flow .csv for  81 of 129"
  program to write hourly ascii output from a wdm
 wdm name, start year, end year, dsn
 hourly average =    4.5229249408388456E-004
 annual average =    3.9650160373256433     
setwd /opt/model/p6/vadeq/tmp/wdm/land/stb/vahydro_2022
[1] "Creating unit flow .csv for  82 of 129"
  program to write hourly ascii output from a wdm
 wdm name, start year, end year, dsn
 hourly average =    0.0000000000000000     
 annual average =    0.0000000000000000     
setwd /opt/model/p6/vadeq/tmp/wdm/land/stf/vahydro_2022
[1] "Creating unit flow .csv for  83 of 129"
  program to write hourly ascii output from a wdm
 wdm name, start year, end year, dsn
 hourly average =    0.0000000000000000     
 annual average =    0.0000000000000000     
setwd /opt/model/p6/vadeq/tmp/wdm/land/swm/vahydro_2022
[1] "Creating unit flow .csv for  84 of 129"
  program to write hourly ascii output from a wdm
 wdm name, start year, end year, dsn
 hourly average =    4.5229249408388456E-004
 annual average =    3.9650160373256433     
setwd /opt/model/p6/vadeq/tmp/wdm/land/wfp/vahydro_2022
[1] "Creating unit flow .csv for  85 of 129"
  program to write hourly ascii output from a wdm
 wdm name, start year, end year, dsn
 hourly average =    4.4270772918382343E-004
 annual average =    3.8809913253531070     
setwd /opt/model/p6/vadeq/tmp/wdm/land/wto/vahydro_2022
[1] "Creating unit flow .csv for  86 of 129"
  program to write hourly ascii output from a wdm
 wdm name, start year, end year, dsn
 hourly average =    4.4270772918382343E-004
 annual average =    3.8809913253531070     
setwd /opt/model/p6/vadeq/tmp/wdm/land/aop/vahydro_2022
[1] "Creating unit flow .csv for  87 of 129"
  program to write hourly ascii output from a wdm
 wdm name, start year, end year, dsn
 hourly average =    6.3892152035037561E-004
 annual average =    5.6010968740769682     
setwd /opt/model/p6/vadeq/tmp/wdm/land/cch/vahydro_2022
[1] "Creating unit flow .csv for  88 of 129"
  program to write hourly ascii output from a wdm
 wdm name, start year, end year, dsn
 hourly average =    4.4015995208378797E-004
 annual average =    3.8586562718350668     
setwd /opt/model/p6/vadeq/tmp/wdm/land/cci/vahydro_2022
[1] "Creating unit flow .csv for  89 of 129"
  program to write hourly ascii output from a wdm
 wdm name, start year, end year, dsn
 hourly average =    0.0000000000000000     
 annual average =    0.0000000000000000     
setwd /opt/model/p6/vadeq/tmp/wdm/land/ccn/vahydro_2022
[1] "Creating unit flow .csv for  90 of 129"
  program to write hourly ascii output from a wdm
 wdm name, start year, end year, dsn
 hourly average =    2.8319521059715042E-004
 annual average =    2.4826269867376141     
setwd /opt/model/p6/vadeq/tmp/wdm/land/cfr/vahydro_2022
[1] "Creating unit flow .csv for  91 of 129"
  program to write hourly ascii output from a wdm
 wdm name, start year, end year, dsn
 hourly average =    6.2693264930194605E-004
 annual average =    5.4959965980426810     
setwd /opt/model/p6/vadeq/tmp/wdm/land/cir/vahydro_2022
[1] "Creating unit flow .csv for  92 of 129"
  program to write hourly ascii output from a wdm
 wdm name, start year, end year, dsn
 hourly average =    0.0000000000000000     
 annual average =    0.0000000000000000     
setwd /opt/model/p6/vadeq/tmp/wdm/land/cmo/vahydro_2022
[1] "Creating unit flow .csv for  93 of 129"
  program to write hourly ascii output from a wdm
 wdm name, start year, end year, dsn
 hourly average =    6.0456673679016150E-004
 annual average =    5.2999261282501831     
setwd /opt/model/p6/vadeq/tmp/wdm/land/cnr/vahydro_2022
[1] "Creating unit flow .csv for  94 of 129"
  program to write hourly ascii output from a wdm
 wdm name, start year, end year, dsn
 hourly average =    0.0000000000000000     
 annual average =    0.0000000000000000     
setwd /opt/model/p6/vadeq/tmp/wdm/land/ctg/vahydro_2022
[1] "Creating unit flow .csv for  95 of 129"
  program to write hourly ascii output from a wdm
 wdm name, start year, end year, dsn
 hourly average =    4.4015995208378797E-004
 annual average =    3.8586562718350668     
setwd /opt/model/p6/vadeq/tmp/wdm/land/dbl/vahydro_2022
[1] "Creating unit flow .csv for  96 of 129"
  program to write hourly ascii output from a wdm
 wdm name, start year, end year, dsn
 hourly average =    5.0266307669336464E-004
 annual average =    4.4065890690881009     
setwd /opt/model/p6/vadeq/tmp/wdm/land/fnp/vahydro_2022
[1] "Creating unit flow .csv for  97 of 129"
  program to write hourly ascii output from a wdm
 wdm name, start year, end year, dsn
 hourly average =    0.0000000000000000     
 annual average =    0.0000000000000000     
setwd /opt/model/p6/vadeq/tmp/wdm/land/for/vahydro_2022
[1] "Creating unit flow .csv for  98 of 129"
  program to write hourly ascii output from a wdm
 wdm name, start year, end year, dsn
 hourly average =    6.3422571217650525E-004
 annual average =    5.5599311351776013     
setwd /opt/model/p6/vadeq/tmp/wdm/land/fsp/vahydro_2022
[1] "Creating unit flow .csv for  99 of 129"
  program to write hourly ascii output from a wdm
 wdm name, start year, end year, dsn
 hourly average =    0.0000000000000000     
 annual average =    0.0000000000000000     
setwd /opt/model/p6/vadeq/tmp/wdm/land/gom/vahydro_2022
[1] "Creating unit flow .csv for  100 of 129"
  program to write hourly ascii output from a wdm
 wdm name, start year, end year, dsn
 hourly average =    5.0266307669336464E-004
 annual average =    4.4065890690881009     
setwd /opt/model/p6/vadeq/tmp/wdm/land/gwm/vahydro_2022
[1] "Creating unit flow .csv for  101 of 129"
  program to write hourly ascii output from a wdm
 wdm name, start year, end year, dsn
 hourly average =    5.0266307669336464E-004
 annual average =    4.4065890690881009     
setwd /opt/model/p6/vadeq/tmp/wdm/land/hfr/vahydro_2022
[1] "Creating unit flow .csv for  102 of 129"
  program to write hourly ascii output from a wdm
 wdm name, start year, end year, dsn
 hourly average =    6.5464834689197432E-004
 annual average =    5.7389658864292104     
setwd /opt/model/p6/vadeq/tmp/wdm/land/lhy/vahydro_2022
[1] "Creating unit flow .csv for  103 of 129"
  program to write hourly ascii output from a wdm
 wdm name, start year, end year, dsn
 hourly average =    6.4068935553129197E-004
 annual average =    5.6165945773008072     
setwd /opt/model/p6/vadeq/tmp/wdm/land/mch/vahydro_2022
[1] "Creating unit flow .csv for  104 of 129"
  program to write hourly ascii output from a wdm
 wdm name, start year, end year, dsn
 hourly average =    4.4015995208378797E-004
 annual average =    3.8586562718350668     
setwd /opt/model/p6/vadeq/tmp/wdm/land/mci/vahydro_2022
[1] "Creating unit flow .csv for  105 of 129"
  program to write hourly ascii output from a wdm
 wdm name, start year, end year, dsn
 hourly average =    0.0000000000000000     
 annual average =    0.0000000000000000     
setwd /opt/model/p6/vadeq/tmp/wdm/land/mcn/vahydro_2022
[1] "Creating unit flow .csv for  106 of 129"
  program to write hourly ascii output from a wdm
 wdm name, start year, end year, dsn
 hourly average =    2.8319521059715042E-004
 annual average =    2.4826269867376141     
setwd /opt/model/p6/vadeq/tmp/wdm/land/mir/vahydro_2022
[1] "Creating unit flow .csv for  107 of 129"
  program to write hourly ascii output from a wdm
 wdm name, start year, end year, dsn
 hourly average =    0.0000000000000000     
 annual average =    0.0000000000000000     
setwd /opt/model/p6/vadeq/tmp/wdm/land/mnr/vahydro_2022
[1] "Creating unit flow .csv for  108 of 129"
  program to write hourly ascii output from a wdm
 wdm name, start year, end year, dsn
 hourly average =    0.0000000000000000     
 annual average =    0.0000000000000000     
setwd /opt/model/p6/vadeq/tmp/wdm/land/mtg/vahydro_2022
[1] "Creating unit flow .csv for  109 of 129"
  program to write hourly ascii output from a wdm
 wdm name, start year, end year, dsn
 hourly average =    4.4015995208378797E-004
 annual average =    3.8586562718350668     
setwd /opt/model/p6/vadeq/tmp/wdm/land/nch/vahydro_2022
[1] "Creating unit flow .csv for  110 of 129"
  program to write hourly ascii output from a wdm
 wdm name, start year, end year, dsn
 hourly average =    4.4015995208378797E-004
 annual average =    3.8586562718350668     
setwd /opt/model/p6/vadeq/tmp/wdm/land/nci/vahydro_2022
[1] "Creating unit flow .csv for  111 of 129"
  program to write hourly ascii output from a wdm
 wdm name, start year, end year, dsn
 hourly average =    0.0000000000000000     
 annual average =    0.0000000000000000     
setwd /opt/model/p6/vadeq/tmp/wdm/land/nir/vahydro_2022
[1] "Creating unit flow .csv for  112 of 129"
  program to write hourly ascii output from a wdm
 wdm name, start year, end year, dsn
 hourly average =    0.0000000000000000     
 annual average =    0.0000000000000000     
setwd /opt/model/p6/vadeq/tmp/wdm/land/nnr/vahydro_2022
[1] "Creating unit flow .csv for  113 of 129"
  program to write hourly ascii output from a wdm
 wdm name, start year, end year, dsn
 hourly average =    0.0000000000000000     
 annual average =    0.0000000000000000     
setwd /opt/model/p6/vadeq/tmp/wdm/land/ntg/vahydro_2022
[1] "Creating unit flow .csv for  114 of 129"
  program to write hourly ascii output from a wdm
 wdm name, start year, end year, dsn
 hourly average =    4.4015995208378797E-004
 annual average =    3.8586562718350668     
setwd /opt/model/p6/vadeq/tmp/wdm/land/oac/vahydro_2022
[1] "Creating unit flow .csv for  115 of 129"
  program to write hourly ascii output from a wdm
 wdm name, start year, end year, dsn
 hourly average =    5.0266307669336464E-004
 annual average =    4.4065890690881009     
setwd /opt/model/p6/vadeq/tmp/wdm/land/ohy/vahydro_2022
[1] "Creating unit flow .csv for  116 of 129"
  program to write hourly ascii output from a wdm
 wdm name, start year, end year, dsn
 hourly average =    6.4068935553129197E-004
 annual average =    5.6165945773008072     
setwd /opt/model/p6/vadeq/tmp/wdm/land/osp/vahydro_2022
[1] "Creating unit flow .csv for  117 of 129"
  program to write hourly ascii output from a wdm
 wdm name, start year, end year, dsn
 hourly average =    6.0397807998603583E-004
 annual average =    5.2947656763316369     
setwd /opt/model/p6/vadeq/tmp/wdm/land/pas/vahydro_2022
[1] "Creating unit flow .csv for  118 of 129"
  program to write hourly ascii output from a wdm
 wdm name, start year, end year, dsn
 hourly average =    6.4068935553129197E-004
 annual average =    5.6165945773008072     
setwd /opt/model/p6/vadeq/tmp/wdm/land/sch/vahydro_2022
[1] "Creating unit flow .csv for  119 of 129"
  program to write hourly ascii output from a wdm
 wdm name, start year, end year, dsn
 hourly average =    5.0266307669336464E-004
 annual average =    4.4065890690881009     
setwd /opt/model/p6/vadeq/tmp/wdm/land/scl/vahydro_2022
[1] "Creating unit flow .csv for  120 of 129"
  program to write hourly ascii output from a wdm
 wdm name, start year, end year, dsn
 hourly average =    5.0266307669336464E-004
 annual average =    4.4065890690881009     
setwd /opt/model/p6/vadeq/tmp/wdm/land/sgg/vahydro_2022
[1] "Creating unit flow .csv for  121 of 129"
  program to write hourly ascii output from a wdm
 wdm name, start year, end year, dsn
 hourly average =    5.0266307669336464E-004
 annual average =    4.4065890690881009     
setwd /opt/model/p6/vadeq/tmp/wdm/land/sho/vahydro_2022
[1] "Creating unit flow .csv for  122 of 129"
  program to write hourly ascii output from a wdm
 wdm name, start year, end year, dsn
 hourly average =    0.0000000000000000     
 annual average =    0.0000000000000000     
setwd /opt/model/p6/vadeq/tmp/wdm/land/som/vahydro_2022
[1] "Creating unit flow .csv for  123 of 129"
  program to write hourly ascii output from a wdm
 wdm name, start year, end year, dsn
 hourly average =    5.0266307669336464E-004
 annual average =    4.4065890690881009     
setwd /opt/model/p6/vadeq/tmp/wdm/land/soy/vahydro_2022
[1] "Creating unit flow .csv for  124 of 129"
  program to write hourly ascii output from a wdm
 wdm name, start year, end year, dsn
 hourly average =    5.0266307669336464E-004
 annual average =    4.4065890690881009     
setwd /opt/model/p6/vadeq/tmp/wdm/land/stb/vahydro_2022
[1] "Creating unit flow .csv for  125 of 129"
  program to write hourly ascii output from a wdm
 wdm name, start year, end year, dsn
 hourly average =    0.0000000000000000     
 annual average =    0.0000000000000000     
setwd /opt/model/p6/vadeq/tmp/wdm/land/stf/vahydro_2022
[1] "Creating unit flow .csv for  126 of 129"
  program to write hourly ascii output from a wdm
 wdm name, start year, end year, dsn
 hourly average =    0.0000000000000000     
 annual average =    0.0000000000000000     
setwd /opt/model/p6/vadeq/tmp/wdm/land/swm/vahydro_2022
[1] "Creating unit flow .csv for  127 of 129"
  program to write hourly ascii output from a wdm
 wdm name, start year, end year, dsn
 hourly average =    5.0266307669336464E-004
 annual average =    4.4065890690881009     
setwd /opt/model/p6/vadeq/tmp/wdm/land/wfp/vahydro_2022
[1] "Creating unit flow .csv for  128 of 129"
  program to write hourly ascii output from a wdm
 wdm name, start year, end year, dsn
 hourly average =    6.3422571217650525E-004
 annual average =    5.5599311351776013     
setwd /opt/model/p6/vadeq/tmp/wdm/land/wto/vahydro_2022
[1] "Creating unit flow .csv for  129 of 129"
  program to write hourly ascii output from a wdm
 wdm name, start year, end year, dsn
 hourly average =    6.3422571217650525E-004
 annual average =    5.5599311351776013     
[1] "Downloading 1 of 129"
read /opt/model/p6/vadeq/tmp/wdm/land/aop/vahydro_2022/aopN51177_0111.csv
[1] "Downloading 2 of 129"
read /opt/model/p6/vadeq/tmp/wdm/land/cch/vahydro_2022/cchN51177_0111.csv
[1] "Downloading 3 of 129"
read /opt/model/p6/vadeq/tmp/wdm/land/cci/vahydro_2022/cciN51177_0111.csv
[1] "Downloading 4 of 129"
read /opt/model/p6/vadeq/tmp/wdm/land/ccn/vahydro_2022/ccnN51177_0111.csv
[1] "Downloading 5 of 129"
read /opt/model/p6/vadeq/tmp/wdm/land/cfr/vahydro_2022/cfrN51177_0111.csv
[1] "Downloading 6 of 129"
read /opt/model/p6/vadeq/tmp/wdm/land/cir/vahydro_2022/cirN51177_0111.csv
[1] "Downloading 7 of 129"
read /opt/model/p6/vadeq/tmp/wdm/land/cmo/vahydro_2022/cmoN51177_0111.csv
[1] "Downloading 8 of 129"
read /opt/model/p6/vadeq/tmp/wdm/land/cnr/vahydro_2022/cnrN51177_0111.csv
[1] "Downloading 9 of 129"
read /opt/model/p6/vadeq/tmp/wdm/land/ctg/vahydro_2022/ctgN51177_0111.csv
[1] "Downloading 10 of 129"
read /opt/model/p6/vadeq/tmp/wdm/land/dbl/vahydro_2022/dblN51177_0111.csv
[1] "Downloading 11 of 129"
read /opt/model/p6/vadeq/tmp/wdm/land/fnp/vahydro_2022/fnpN51177_0111.csv
[1] "Downloading 12 of 129"
read /opt/model/p6/vadeq/tmp/wdm/land/for/vahydro_2022/forN51177_0111.csv
[1] "Downloading 13 of 129"
read /opt/model/p6/vadeq/tmp/wdm/land/fsp/vahydro_2022/fspN51177_0111.csv
[1] "Downloading 14 of 129"
read /opt/model/p6/vadeq/tmp/wdm/land/gom/vahydro_2022/gomN51177_0111.csv
[1] "Downloading 15 of 129"
read /opt/model/p6/vadeq/tmp/wdm/land/gwm/vahydro_2022/gwmN51177_0111.csv
[1] "Downloading 16 of 129"
read /opt/model/p6/vadeq/tmp/wdm/land/hfr/vahydro_2022/hfrN51177_0111.csv
[1] "Downloading 17 of 129"
read /opt/model/p6/vadeq/tmp/wdm/land/lhy/vahydro_2022/lhyN51177_0111.csv
[1] "Downloading 18 of 129"
read /opt/model/p6/vadeq/tmp/wdm/land/mch/vahydro_2022/mchN51177_0111.csv
[1] "Downloading 19 of 129"
read /opt/model/p6/vadeq/tmp/wdm/land/mci/vahydro_2022/mciN51177_0111.csv
[1] "Downloading 20 of 129"
read /opt/model/p6/vadeq/tmp/wdm/land/mcn/vahydro_2022/mcnN51177_0111.csv
[1] "Downloading 21 of 129"
read /opt/model/p6/vadeq/tmp/wdm/land/mir/vahydro_2022/mirN51177_0111.csv
[1] "Downloading 22 of 129"
read /opt/model/p6/vadeq/tmp/wdm/land/mnr/vahydro_2022/mnrN51177_0111.csv
[1] "Downloading 23 of 129"
read /opt/model/p6/vadeq/tmp/wdm/land/mtg/vahydro_2022/mtgN51177_0111.csv
[1] "Downloading 24 of 129"
read /opt/model/p6/vadeq/tmp/wdm/land/nch/vahydro_2022/nchN51177_0111.csv
[1] "Downloading 25 of 129"
read /opt/model/p6/vadeq/tmp/wdm/land/nci/vahydro_2022/nciN51177_0111.csv
[1] "Downloading 26 of 129"
read /opt/model/p6/vadeq/tmp/wdm/land/nir/vahydro_2022/nirN51177_0111.csv
[1] "Downloading 27 of 129"
read /opt/model/p6/vadeq/tmp/wdm/land/nnr/vahydro_2022/nnrN51177_0111.csv
[1] "Downloading 28 of 129"
read /opt/model/p6/vadeq/tmp/wdm/land/ntg/vahydro_2022/ntgN51177_0111.csv
[1] "Downloading 29 of 129"
read /opt/model/p6/vadeq/tmp/wdm/land/oac/vahydro_2022/oacN51177_0111.csv
[1] "Downloading 30 of 129"
read /opt/model/p6/vadeq/tmp/wdm/land/ohy/vahydro_2022/ohyN51177_0111.csv
[1] "Downloading 31 of 129"
read /opt/model/p6/vadeq/tmp/wdm/land/osp/vahydro_2022/ospN51177_0111.csv
[1] "Downloading 32 of 129"
read /opt/model/p6/vadeq/tmp/wdm/land/pas/vahydro_2022/pasN51177_0111.csv
[1] "Downloading 33 of 129"
read /opt/model/p6/vadeq/tmp/wdm/land/sch/vahydro_2022/schN51177_0111.csv
[1] "Downloading 34 of 129"
read /opt/model/p6/vadeq/tmp/wdm/land/scl/vahydro_2022/sclN51177_0111.csv
[1] "Downloading 35 of 129"
read /opt/model/p6/vadeq/tmp/wdm/land/sgg/vahydro_2022/sggN51177_0111.csv
[1] "Downloading 36 of 129"
read /opt/model/p6/vadeq/tmp/wdm/land/sho/vahydro_2022/shoN51177_0111.csv
[1] "Downloading 37 of 129"
read /opt/model/p6/vadeq/tmp/wdm/land/som/vahydro_2022/somN51177_0111.csv
[1] "Downloading 38 of 129"
read /opt/model/p6/vadeq/tmp/wdm/land/soy/vahydro_2022/soyN51177_0111.csv
[1] "Downloading 39 of 129"
read /opt/model/p6/vadeq/tmp/wdm/land/stb/vahydro_2022/stbN51177_0111.csv
[1] "Downloading 40 of 129"
read /opt/model/p6/vadeq/tmp/wdm/land/stf/vahydro_2022/stfN51177_0111.csv
[1] "Downloading 41 of 129"
read /opt/model/p6/vadeq/tmp/wdm/land/swm/vahydro_2022/swmN51177_0111.csv
[1] "Downloading 42 of 129"
read /opt/model/p6/vadeq/tmp/wdm/land/wfp/vahydro_2022/wfpN51177_0111.csv
[1] "Downloading 43 of 129"
read /opt/model/p6/vadeq/tmp/wdm/land/wto/vahydro_2022/wtoN51177_0111.csv
[1] "Downloading 44 of 129"
read /opt/model/p6/vadeq/tmp/wdm/land/aop/vahydro_2022/aopN51177_0211.csv
[1] "Downloading 45 of 129"
read /opt/model/p6/vadeq/tmp/wdm/land/cch/vahydro_2022/cchN51177_0211.csv
[1] "Downloading 46 of 129"
read /opt/model/p6/vadeq/tmp/wdm/land/cci/vahydro_2022/cciN51177_0211.csv
[1] "Downloading 47 of 129"
read /opt/model/p6/vadeq/tmp/wdm/land/ccn/vahydro_2022/ccnN51177_0211.csv
[1] "Downloading 48 of 129"
read /opt/model/p6/vadeq/tmp/wdm/land/cfr/vahydro_2022/cfrN51177_0211.csv
[1] "Downloading 49 of 129"
read /opt/model/p6/vadeq/tmp/wdm/land/cir/vahydro_2022/cirN51177_0211.csv
[1] "Downloading 50 of 129"
read /opt/model/p6/vadeq/tmp/wdm/land/cmo/vahydro_2022/cmoN51177_0211.csv
[1] "Downloading 51 of 129"
read /opt/model/p6/vadeq/tmp/wdm/land/cnr/vahydro_2022/cnrN51177_0211.csv
[1] "Downloading 52 of 129"
read /opt/model/p6/vadeq/tmp/wdm/land/ctg/vahydro_2022/ctgN51177_0211.csv
[1] "Downloading 53 of 129"
read /opt/model/p6/vadeq/tmp/wdm/land/dbl/vahydro_2022/dblN51177_0211.csv
[1] "Downloading 54 of 129"
read /opt/model/p6/vadeq/tmp/wdm/land/fnp/vahydro_2022/fnpN51177_0211.csv
[1] "Downloading 55 of 129"
read /opt/model/p6/vadeq/tmp/wdm/land/for/vahydro_2022/forN51177_0211.csv
[1] "Downloading 56 of 129"
read /opt/model/p6/vadeq/tmp/wdm/land/fsp/vahydro_2022/fspN51177_0211.csv
[1] "Downloading 57 of 129"
read /opt/model/p6/vadeq/tmp/wdm/land/gom/vahydro_2022/gomN51177_0211.csv
[1] "Downloading 58 of 129"
read /opt/model/p6/vadeq/tmp/wdm/land/gwm/vahydro_2022/gwmN51177_0211.csv
[1] "Downloading 59 of 129"
read /opt/model/p6/vadeq/tmp/wdm/land/hfr/vahydro_2022/hfrN51177_0211.csv
[1] "Downloading 60 of 129"
read /opt/model/p6/vadeq/tmp/wdm/land/lhy/vahydro_2022/lhyN51177_0211.csv
[1] "Downloading 61 of 129"
read /opt/model/p6/vadeq/tmp/wdm/land/mch/vahydro_2022/mchN51177_0211.csv
[1] "Downloading 62 of 129"
read /opt/model/p6/vadeq/tmp/wdm/land/mci/vahydro_2022/mciN51177_0211.csv
[1] "Downloading 63 of 129"
read /opt/model/p6/vadeq/tmp/wdm/land/mcn/vahydro_2022/mcnN51177_0211.csv
[1] "Downloading 64 of 129"
read /opt/model/p6/vadeq/tmp/wdm/land/mir/vahydro_2022/mirN51177_0211.csv
[1] "Downloading 65 of 129"
read /opt/model/p6/vadeq/tmp/wdm/land/mnr/vahydro_2022/mnrN51177_0211.csv
[1] "Downloading 66 of 129"
read /opt/model/p6/vadeq/tmp/wdm/land/mtg/vahydro_2022/mtgN51177_0211.csv
[1] "Downloading 67 of 129"
read /opt/model/p6/vadeq/tmp/wdm/land/nch/vahydro_2022/nchN51177_0211.csv
[1] "Downloading 68 of 129"
read /opt/model/p6/vadeq/tmp/wdm/land/nci/vahydro_2022/nciN51177_0211.csv
[1] "Downloading 69 of 129"
read /opt/model/p6/vadeq/tmp/wdm/land/nir/vahydro_2022/nirN51177_0211.csv
[1] "Downloading 70 of 129"
read /opt/model/p6/vadeq/tmp/wdm/land/nnr/vahydro_2022/nnrN51177_0211.csv
[1] "Downloading 71 of 129"
read /opt/model/p6/vadeq/tmp/wdm/land/ntg/vahydro_2022/ntgN51177_0211.csv
[1] "Downloading 72 of 129"
read /opt/model/p6/vadeq/tmp/wdm/land/oac/vahydro_2022/oacN51177_0211.csv
[1] "Downloading 73 of 129"
read /opt/model/p6/vadeq/tmp/wdm/land/ohy/vahydro_2022/ohyN51177_0211.csv
[1] "Downloading 74 of 129"
read /opt/model/p6/vadeq/tmp/wdm/land/osp/vahydro_2022/ospN51177_0211.csv
[1] "Downloading 75 of 129"
read /opt/model/p6/vadeq/tmp/wdm/land/pas/vahydro_2022/pasN51177_0211.csv
[1] "Downloading 76 of 129"
read /opt/model/p6/vadeq/tmp/wdm/land/sch/vahydro_2022/schN51177_0211.csv
[1] "Downloading 77 of 129"
read /opt/model/p6/vadeq/tmp/wdm/land/scl/vahydro_2022/sclN51177_0211.csv
[1] "Downloading 78 of 129"
read /opt/model/p6/vadeq/tmp/wdm/land/sgg/vahydro_2022/sggN51177_0211.csv
[1] "Downloading 79 of 129"
read /opt/model/p6/vadeq/tmp/wdm/land/sho/vahydro_2022/shoN51177_0211.csv
[1] "Downloading 80 of 129"
read /opt/model/p6/vadeq/tmp/wdm/land/som/vahydro_2022/somN51177_0211.csv
[1] "Downloading 81 of 129"
read /opt/model/p6/vadeq/tmp/wdm/land/soy/vahydro_2022/soyN51177_0211.csv
[1] "Downloading 82 of 129"
read /opt/model/p6/vadeq/tmp/wdm/land/stb/vahydro_2022/stbN51177_0211.csv
[1] "Downloading 83 of 129"
read /opt/model/p6/vadeq/tmp/wdm/land/stf/vahydro_2022/stfN51177_0211.csv
[1] "Downloading 84 of 129"
read /opt/model/p6/vadeq/tmp/wdm/land/swm/vahydro_2022/swmN51177_0211.csv
[1] "Downloading 85 of 129"
read /opt/model/p6/vadeq/tmp/wdm/land/wfp/vahydro_2022/wfpN51177_0211.csv
[1] "Downloading 86 of 129"
read /opt/model/p6/vadeq/tmp/wdm/land/wto/vahydro_2022/wtoN51177_0211.csv
[1] "Downloading 87 of 129"
read /opt/model/p6/vadeq/tmp/wdm/land/aop/vahydro_2022/aopN51177_0411.csv
[1] "Downloading 88 of 129"
read /opt/model/p6/vadeq/tmp/wdm/land/cch/vahydro_2022/cchN51177_0411.csv
[1] "Downloading 89 of 129"
read /opt/model/p6/vadeq/tmp/wdm/land/cci/vahydro_2022/cciN51177_0411.csv
[1] "Downloading 90 of 129"
read /opt/model/p6/vadeq/tmp/wdm/land/ccn/vahydro_2022/ccnN51177_0411.csv
[1] "Downloading 91 of 129"
read /opt/model/p6/vadeq/tmp/wdm/land/cfr/vahydro_2022/cfrN51177_0411.csv
[1] "Downloading 92 of 129"
read /opt/model/p6/vadeq/tmp/wdm/land/cir/vahydro_2022/cirN51177_0411.csv
[1] "Downloading 93 of 129"
read /opt/model/p6/vadeq/tmp/wdm/land/cmo/vahydro_2022/cmoN51177_0411.csv
[1] "Downloading 94 of 129"
read /opt/model/p6/vadeq/tmp/wdm/land/cnr/vahydro_2022/cnrN51177_0411.csv
[1] "Downloading 95 of 129"
read /opt/model/p6/vadeq/tmp/wdm/land/ctg/vahydro_2022/ctgN51177_0411.csv
[1] "Downloading 96 of 129"
read /opt/model/p6/vadeq/tmp/wdm/land/dbl/vahydro_2022/dblN51177_0411.csv
[1] "Downloading 97 of 129"
read /opt/model/p6/vadeq/tmp/wdm/land/fnp/vahydro_2022/fnpN51177_0411.csv
[1] "Downloading 98 of 129"
read /opt/model/p6/vadeq/tmp/wdm/land/for/vahydro_2022/forN51177_0411.csv
[1] "Downloading 99 of 129"
read /opt/model/p6/vadeq/tmp/wdm/land/fsp/vahydro_2022/fspN51177_0411.csv
[1] "Downloading 100 of 129"
read /opt/model/p6/vadeq/tmp/wdm/land/gom/vahydro_2022/gomN51177_0411.csv
[1] "Downloading 101 of 129"
read /opt/model/p6/vadeq/tmp/wdm/land/gwm/vahydro_2022/gwmN51177_0411.csv
[1] "Downloading 102 of 129"
read /opt/model/p6/vadeq/tmp/wdm/land/hfr/vahydro_2022/hfrN51177_0411.csv
[1] "Downloading 103 of 129"
read /opt/model/p6/vadeq/tmp/wdm/land/lhy/vahydro_2022/lhyN51177_0411.csv
[1] "Downloading 104 of 129"
read /opt/model/p6/vadeq/tmp/wdm/land/mch/vahydro_2022/mchN51177_0411.csv
[1] "Downloading 105 of 129"
read /opt/model/p6/vadeq/tmp/wdm/land/mci/vahydro_2022/mciN51177_0411.csv
[1] "Downloading 106 of 129"
read /opt/model/p6/vadeq/tmp/wdm/land/mcn/vahydro_2022/mcnN51177_0411.csv
[1] "Downloading 107 of 129"
read /opt/model/p6/vadeq/tmp/wdm/land/mir/vahydro_2022/mirN51177_0411.csv
[1] "Downloading 108 of 129"
read /opt/model/p6/vadeq/tmp/wdm/land/mnr/vahydro_2022/mnrN51177_0411.csv
[1] "Downloading 109 of 129"
read /opt/model/p6/vadeq/tmp/wdm/land/mtg/vahydro_2022/mtgN51177_0411.csv
[1] "Downloading 110 of 129"
read /opt/model/p6/vadeq/tmp/wdm/land/nch/vahydro_2022/nchN51177_0411.csv
[1] "Downloading 111 of 129"
read /opt/model/p6/vadeq/tmp/wdm/land/nci/vahydro_2022/nciN51177_0411.csv
[1] "Downloading 112 of 129"
read /opt/model/p6/vadeq/tmp/wdm/land/nir/vahydro_2022/nirN51177_0411.csv
[1] "Downloading 113 of 129"
read /opt/model/p6/vadeq/tmp/wdm/land/nnr/vahydro_2022/nnrN51177_0411.csv
[1] "Downloading 114 of 129"
read /opt/model/p6/vadeq/tmp/wdm/land/ntg/vahydro_2022/ntgN51177_0411.csv
[1] "Downloading 115 of 129"
read /opt/model/p6/vadeq/tmp/wdm/land/oac/vahydro_2022/oacN51177_0411.csv
[1] "Downloading 116 of 129"
read /opt/model/p6/vadeq/tmp/wdm/land/ohy/vahydro_2022/ohyN51177_0411.csv
[1] "Downloading 117 of 129"
read /opt/model/p6/vadeq/tmp/wdm/land/osp/vahydro_2022/ospN51177_0411.csv
[1] "Downloading 118 of 129"
read /opt/model/p6/vadeq/tmp/wdm/land/pas/vahydro_2022/pasN51177_0411.csv
[1] "Downloading 119 of 129"
read /opt/model/p6/vadeq/tmp/wdm/land/sch/vahydro_2022/schN51177_0411.csv
[1] "Downloading 120 of 129"
read /opt/model/p6/vadeq/tmp/wdm/land/scl/vahydro_2022/sclN51177_0411.csv
[1] "Downloading 121 of 129"
read /opt/model/p6/vadeq/tmp/wdm/land/sgg/vahydro_2022/sggN51177_0411.csv
[1] "Downloading 122 of 129"
read /opt/model/p6/vadeq/tmp/wdm/land/sho/vahydro_2022/shoN51177_0411.csv
[1] "Downloading 123 of 129"
read /opt/model/p6/vadeq/tmp/wdm/land/som/vahydro_2022/somN51177_0411.csv
[1] "Downloading 124 of 129"
read /opt/model/p6/vadeq/tmp/wdm/land/soy/vahydro_2022/soyN51177_0411.csv
[1] "Downloading 125 of 129"
read /opt/model/p6/vadeq/tmp/wdm/land/stb/vahydro_2022/stbN51177_0411.csv
[1] "Downloading 126 of 129"
read /opt/model/p6/vadeq/tmp/wdm/land/stf/vahydro_2022/stfN51177_0411.csv
[1] "Downloading 127 of 129"
read /opt/model/p6/vadeq/tmp/wdm/land/swm/vahydro_2022/swmN51177_0411.csv
[1] "Downloading 128 of 129"
read /opt/model/p6/vadeq/tmp/wdm/land/wfp/vahydro_2022/wfpN51177_0411.csv
[1] "Downloading 129 of 129"
read /opt/model/p6/vadeq/tmp/wdm/land/wto/vahydro_2022/wtoN51177_0411.csv
Exported file /media/model/p6/out/land/vahydro_2022/eos/N51177_0111-0211-0411.csv
Model run completed without errors.
Removing work path /opt/model/p6/vadeq/tmp/scratch/13230
