Loading /etc/hspf.config
Searching for TIME END TIME in /opt/model/p6/vadeq/config/control/river/vahydro_2022.con
[1] "REST AUTH INFO HAS BEEN SUPPLIED"
[1] "RETRIEVING REST TOKEN"
[1] "Login attempt successful"
[1] "token = W7tvWOGrvx6_pE7OUwtrsaZxFFOebir8Jyj-eXXNRUw"
Warning message:
no DISPLAY variable so Tk is not available 

Attaching package: ‘data.table’

The following objects are masked from ‘package:dplyr’:

    between, first, last

The following objects are masked from ‘package:lubridate’:

    hour, isoweek, mday, minute, month, quarter, second, wday, week,
    yday, year

The following objects are masked from ‘package:xts’:

    first, last

Calling wdm_export_land_flow( N51137 /opt/model/p6/vadeq vahydro_2022 1984 2020
setwd /opt/model/p6/vadeq/tmp/wdm/land/aop/vahydro_2022
[1] "Creating unit flow .csv for  1 of 129"
  program to write hourly ascii output from a wdm
 wdm name, start year, end year, dsn
 hourly average =    2.2774276165605226E-004
 annual average =    1.9965038424528949     
setwd /opt/model/p6/vadeq/tmp/wdm/land/cch/vahydro_2022
[1] "Creating unit flow .csv for  2 of 129"
  program to write hourly ascii output from a wdm
 wdm name, start year, end year, dsn
 hourly average =    1.0756036587949618E-003
 annual average =    9.4292649396414543     
setwd /opt/model/p6/vadeq/tmp/wdm/land/cci/vahydro_2022
[1] "Creating unit flow .csv for  3 of 129"
  program to write hourly ascii output from a wdm
 wdm name, start year, end year, dsn
 hourly average =    3.6515781340082875E-003
 annual average =    32.011510366133194     
setwd /opt/model/p6/vadeq/tmp/wdm/land/ccn/vahydro_2022
[1] "Creating unit flow .csv for  4 of 129"
  program to write hourly ascii output from a wdm
 wdm name, start year, end year, dsn
 hourly average =    1.5205518214791993E-003
 annual average =    13.329896994999814     
setwd /opt/model/p6/vadeq/tmp/wdm/land/cfr/vahydro_2022
[1] "Creating unit flow .csv for  5 of 129"
  program to write hourly ascii output from a wdm
 wdm name, start year, end year, dsn
 hourly average =    1.0398636473650686E-004
 annual average =   0.91159506124144229     
setwd /opt/model/p6/vadeq/tmp/wdm/land/cir/vahydro_2022
[1] "Creating unit flow .csv for  6 of 129"
  program to write hourly ascii output from a wdm
 wdm name, start year, end year, dsn
 hourly average =    3.6515781340082875E-003
 annual average =    32.011510366133194     
setwd /opt/model/p6/vadeq/tmp/wdm/land/cmo/vahydro_2022
[1] "Creating unit flow .csv for  7 of 129"
  program to write hourly ascii output from a wdm
 wdm name, start year, end year, dsn
 hourly average =    1.7270966678569556E-004
 annual average =    1.5140569599623841     
setwd /opt/model/p6/vadeq/tmp/wdm/land/cnr/vahydro_2022
[1] "Creating unit flow .csv for  8 of 129"
  program to write hourly ascii output from a wdm
 wdm name, start year, end year, dsn
 hourly average =    3.6515781340082875E-003
 annual average =    32.011510366133194     
setwd /opt/model/p6/vadeq/tmp/wdm/land/ctg/vahydro_2022
[1] "Creating unit flow .csv for  9 of 129"
  program to write hourly ascii output from a wdm
 wdm name, start year, end year, dsn
 hourly average =    1.0756036587949618E-003
 annual average =    9.4292649396414543     
setwd /opt/model/p6/vadeq/tmp/wdm/land/dbl/vahydro_2022
[1] "Creating unit flow .csv for  10 of 129"
  program to write hourly ascii output from a wdm
 wdm name, start year, end year, dsn
 hourly average =    3.7147742088346485E-004
 annual average =    3.2565517902097478     
setwd /opt/model/p6/vadeq/tmp/wdm/land/fnp/vahydro_2022
[1] "Creating unit flow .csv for  11 of 129"
  program to write hourly ascii output from a wdm
 wdm name, start year, end year, dsn
 hourly average =    3.6515781811514315E-003
 annual average =    32.011510779412923     
setwd /opt/model/p6/vadeq/tmp/wdm/land/for/vahydro_2022
[1] "Creating unit flow .csv for  12 of 129"
  program to write hourly ascii output from a wdm
 wdm name, start year, end year, dsn
 hourly average =    1.0459582434680932E-004
 annual average =   0.91693788067921811     
setwd /opt/model/p6/vadeq/tmp/wdm/land/fsp/vahydro_2022
[1] "Creating unit flow .csv for  13 of 129"
  program to write hourly ascii output from a wdm
 wdm name, start year, end year, dsn
 hourly average =    3.6515781811514315E-003
 annual average =    32.011510779412923     
setwd /opt/model/p6/vadeq/tmp/wdm/land/gom/vahydro_2022
[1] "Creating unit flow .csv for  14 of 129"
  program to write hourly ascii output from a wdm
 wdm name, start year, end year, dsn
 hourly average =    3.7147742088346485E-004
 annual average =    3.2565517902097478     
setwd /opt/model/p6/vadeq/tmp/wdm/land/gwm/vahydro_2022
[1] "Creating unit flow .csv for  15 of 129"
  program to write hourly ascii output from a wdm
 wdm name, start year, end year, dsn
 hourly average =    3.7147742088346485E-004
 annual average =    3.2565517902097478     
setwd /opt/model/p6/vadeq/tmp/wdm/land/hfr/vahydro_2022
[1] "Creating unit flow .csv for  16 of 129"
  program to write hourly ascii output from a wdm
 wdm name, start year, end year, dsn
 hourly average =    3.0876850273416361E-004
 annual average =    2.7068149066717111     
setwd /opt/model/p6/vadeq/tmp/wdm/land/lhy/vahydro_2022
[1] "Creating unit flow .csv for  17 of 129"
  program to write hourly ascii output from a wdm
 wdm name, start year, end year, dsn
 hourly average =    2.1773263769508315E-004
 annual average =    1.9087502260210045     
setwd /opt/model/p6/vadeq/tmp/wdm/land/mch/vahydro_2022
[1] "Creating unit flow .csv for  18 of 129"
  program to write hourly ascii output from a wdm
 wdm name, start year, end year, dsn
 hourly average =    1.0756036587949618E-003
 annual average =    9.4292649396414543     
setwd /opt/model/p6/vadeq/tmp/wdm/land/mci/vahydro_2022
[1] "Creating unit flow .csv for  19 of 129"
  program to write hourly ascii output from a wdm
 wdm name, start year, end year, dsn
 hourly average =    3.6515781340082875E-003
 annual average =    32.011510366133194     
setwd /opt/model/p6/vadeq/tmp/wdm/land/mcn/vahydro_2022
[1] "Creating unit flow .csv for  20 of 129"
  program to write hourly ascii output from a wdm
 wdm name, start year, end year, dsn
 hourly average =    1.5205518214791993E-003
 annual average =    13.329896994999814     
setwd /opt/model/p6/vadeq/tmp/wdm/land/mir/vahydro_2022
[1] "Creating unit flow .csv for  21 of 129"
  program to write hourly ascii output from a wdm
 wdm name, start year, end year, dsn
 hourly average =    3.6515781340082875E-003
 annual average =    32.011510366133194     
setwd /opt/model/p6/vadeq/tmp/wdm/land/mnr/vahydro_2022
[1] "Creating unit flow .csv for  22 of 129"
  program to write hourly ascii output from a wdm
 wdm name, start year, end year, dsn
 hourly average =    3.6515781340082875E-003
 annual average =    32.011510366133194     
setwd /opt/model/p6/vadeq/tmp/wdm/land/mtg/vahydro_2022
[1] "Creating unit flow .csv for  23 of 129"
  program to write hourly ascii output from a wdm
 wdm name, start year, end year, dsn
 hourly average =    1.0756036587949618E-003
 annual average =    9.4292649396414543     
setwd /opt/model/p6/vadeq/tmp/wdm/land/nch/vahydro_2022
[1] "Creating unit flow .csv for  24 of 129"
  program to write hourly ascii output from a wdm
 wdm name, start year, end year, dsn
 hourly average =    1.0756036587949618E-003
 annual average =    9.4292649396414543     
setwd /opt/model/p6/vadeq/tmp/wdm/land/nci/vahydro_2022
[1] "Creating unit flow .csv for  25 of 129"
  program to write hourly ascii output from a wdm
 wdm name, start year, end year, dsn
 hourly average =    3.6515781340082875E-003
 annual average =    32.011510366133194     
setwd /opt/model/p6/vadeq/tmp/wdm/land/nir/vahydro_2022
[1] "Creating unit flow .csv for  26 of 129"
  program to write hourly ascii output from a wdm
 wdm name, start year, end year, dsn
 hourly average =    3.6515781340082875E-003
 annual average =    32.011510366133194     
setwd /opt/model/p6/vadeq/tmp/wdm/land/nnr/vahydro_2022
[1] "Creating unit flow .csv for  27 of 129"
  program to write hourly ascii output from a wdm
 wdm name, start year, end year, dsn
 hourly average =    3.6515781340082875E-003
 annual average =    32.011510366133194     
setwd /opt/model/p6/vadeq/tmp/wdm/land/ntg/vahydro_2022
[1] "Creating unit flow .csv for  28 of 129"
  program to write hourly ascii output from a wdm
 wdm name, start year, end year, dsn
 hourly average =    1.0756036587949618E-003
 annual average =    9.4292649396414543     
setwd /opt/model/p6/vadeq/tmp/wdm/land/oac/vahydro_2022
[1] "Creating unit flow .csv for  29 of 129"
  program to write hourly ascii output from a wdm
 wdm name, start year, end year, dsn
 hourly average =    3.7147742088346485E-004
 annual average =    3.2565517902097478     
setwd /opt/model/p6/vadeq/tmp/wdm/land/ohy/vahydro_2022
[1] "Creating unit flow .csv for  30 of 129"
  program to write hourly ascii output from a wdm
 wdm name, start year, end year, dsn
 hourly average =    2.1773263769508315E-004
 annual average =    1.9087502260210045     
setwd /opt/model/p6/vadeq/tmp/wdm/land/osp/vahydro_2022
[1] "Creating unit flow .csv for  31 of 129"
  program to write hourly ascii output from a wdm
 wdm name, start year, end year, dsn
 hourly average =    1.7383040815388895E-004
 annual average =    1.5238819240214978     
setwd /opt/model/p6/vadeq/tmp/wdm/land/pas/vahydro_2022
[1] "Creating unit flow .csv for  32 of 129"
  program to write hourly ascii output from a wdm
 wdm name, start year, end year, dsn
 hourly average =    2.1773263769508315E-004
 annual average =    1.9087502260210045     
setwd /opt/model/p6/vadeq/tmp/wdm/land/sch/vahydro_2022
[1] "Creating unit flow .csv for  33 of 129"
  program to write hourly ascii output from a wdm
 wdm name, start year, end year, dsn
 hourly average =    3.7147742088346485E-004
 annual average =    3.2565517902097478     
setwd /opt/model/p6/vadeq/tmp/wdm/land/scl/vahydro_2022
[1] "Creating unit flow .csv for  34 of 129"
  program to write hourly ascii output from a wdm
 wdm name, start year, end year, dsn
 hourly average =    3.7147742088346485E-004
 annual average =    3.2565517902097478     
setwd /opt/model/p6/vadeq/tmp/wdm/land/sgg/vahydro_2022
[1] "Creating unit flow .csv for  35 of 129"
  program to write hourly ascii output from a wdm
 wdm name, start year, end year, dsn
 hourly average =    3.7147742088346485E-004
 annual average =    3.2565517902097478     
setwd /opt/model/p6/vadeq/tmp/wdm/land/sho/vahydro_2022
[1] "Creating unit flow .csv for  36 of 129"
  program to write hourly ascii output from a wdm
 wdm name, start year, end year, dsn
 hourly average =    3.6515781340082875E-003
 annual average =    32.011510366133194     
setwd /opt/model/p6/vadeq/tmp/wdm/land/som/vahydro_2022
[1] "Creating unit flow .csv for  37 of 129"
  program to write hourly ascii output from a wdm
 wdm name, start year, end year, dsn
 hourly average =    3.7147742088346485E-004
 annual average =    3.2565517902097478     
setwd /opt/model/p6/vadeq/tmp/wdm/land/soy/vahydro_2022
[1] "Creating unit flow .csv for  38 of 129"
  program to write hourly ascii output from a wdm
 wdm name, start year, end year, dsn
 hourly average =    3.7147742088346485E-004
 annual average =    3.2565517902097478     
setwd /opt/model/p6/vadeq/tmp/wdm/land/stb/vahydro_2022
[1] "Creating unit flow .csv for  39 of 129"
  program to write hourly ascii output from a wdm
 wdm name, start year, end year, dsn
 hourly average =    3.6515781340082875E-003
 annual average =    32.011510366133194     
setwd /opt/model/p6/vadeq/tmp/wdm/land/stf/vahydro_2022
[1] "Creating unit flow .csv for  40 of 129"
  program to write hourly ascii output from a wdm
 wdm name, start year, end year, dsn
 hourly average =    3.6515781340082875E-003
 annual average =    32.011510366133194     
setwd /opt/model/p6/vadeq/tmp/wdm/land/swm/vahydro_2022
[1] "Creating unit flow .csv for  41 of 129"
  program to write hourly ascii output from a wdm
 wdm name, start year, end year, dsn
 hourly average =    3.7147742088346485E-004
 annual average =    3.2565517902097478     
setwd /opt/model/p6/vadeq/tmp/wdm/land/wfp/vahydro_2022
[1] "Creating unit flow .csv for  42 of 129"
  program to write hourly ascii output from a wdm
 wdm name, start year, end year, dsn
 hourly average =    1.0459582434680932E-004
 annual average =   0.91693788067921811     
setwd /opt/model/p6/vadeq/tmp/wdm/land/wto/vahydro_2022
[1] "Creating unit flow .csv for  43 of 129"
  program to write hourly ascii output from a wdm
 wdm name, start year, end year, dsn
 hourly average =    1.0459582434680932E-004
 annual average =   0.91693788067921811     
setwd /opt/model/p6/vadeq/tmp/wdm/land/aop/vahydro_2022
[1] "Creating unit flow .csv for  44 of 129"
  program to write hourly ascii output from a wdm
 wdm name, start year, end year, dsn
 hourly average =    3.6210496899942820E-004
 annual average =    3.1743883174230958     
setwd /opt/model/p6/vadeq/tmp/wdm/land/cch/vahydro_2022
[1] "Creating unit flow .csv for  45 of 129"
  program to write hourly ascii output from a wdm
 wdm name, start year, end year, dsn
 hourly average =    3.9221253379983340E-004
 annual average =    3.4383258773868635     
setwd /opt/model/p6/vadeq/tmp/wdm/land/cci/vahydro_2022
[1] "Creating unit flow .csv for  46 of 129"
  program to write hourly ascii output from a wdm
 wdm name, start year, end year, dsn
 hourly average =    0.0000000000000000     
 annual average =    0.0000000000000000     
setwd /opt/model/p6/vadeq/tmp/wdm/land/ccn/vahydro_2022
[1] "Creating unit flow .csv for  47 of 129"
  program to write hourly ascii output from a wdm
 wdm name, start year, end year, dsn
 hourly average =    1.9146468192522849E-004
 annual average =    1.6784725467369490     
setwd /opt/model/p6/vadeq/tmp/wdm/land/cfr/vahydro_2022
[1] "Creating unit flow .csv for  48 of 129"
  program to write hourly ascii output from a wdm
 wdm name, start year, end year, dsn
 hourly average =    3.5121289789682693E-004
 annual average =    3.0789031232922914     
setwd /opt/model/p6/vadeq/tmp/wdm/land/cir/vahydro_2022
[1] "Creating unit flow .csv for  49 of 129"
  program to write hourly ascii output from a wdm
 wdm name, start year, end year, dsn
 hourly average =    0.0000000000000000     
 annual average =    0.0000000000000000     
setwd /opt/model/p6/vadeq/tmp/wdm/land/cmo/vahydro_2022
[1] "Creating unit flow .csv for  50 of 129"
  program to write hourly ascii output from a wdm
 wdm name, start year, end year, dsn
 hourly average =    3.4510561100485425E-004
 annual average =    3.0253636752847166     
setwd /opt/model/p6/vadeq/tmp/wdm/land/cnr/vahydro_2022
[1] "Creating unit flow .csv for  51 of 129"
  program to write hourly ascii output from a wdm
 wdm name, start year, end year, dsn
 hourly average =    0.0000000000000000     
 annual average =    0.0000000000000000     
setwd /opt/model/p6/vadeq/tmp/wdm/land/ctg/vahydro_2022
[1] "Creating unit flow .csv for  52 of 129"
  program to write hourly ascii output from a wdm
 wdm name, start year, end year, dsn
 hourly average =    3.9221253379983340E-004
 annual average =    3.4383258773868635     
setwd /opt/model/p6/vadeq/tmp/wdm/land/dbl/vahydro_2022
[1] "Creating unit flow .csv for  53 of 129"
  program to write hourly ascii output from a wdm
 wdm name, start year, end year, dsn
 hourly average =    4.3632752420098158E-004
 annual average =    3.8250593445900103     
setwd /opt/model/p6/vadeq/tmp/wdm/land/fnp/vahydro_2022
[1] "Creating unit flow .csv for  54 of 129"
  program to write hourly ascii output from a wdm
 wdm name, start year, end year, dsn
 hourly average =    0.0000000000000000     
 annual average =    0.0000000000000000     
setwd /opt/model/p6/vadeq/tmp/wdm/land/for/vahydro_2022
[1] "Creating unit flow .csv for  55 of 129"
  program to write hourly ascii output from a wdm
 wdm name, start year, end year, dsn
 hourly average =    3.4460496143264686E-004
 annual average =    3.0209747375754956     
setwd /opt/model/p6/vadeq/tmp/wdm/land/fsp/vahydro_2022
[1] "Creating unit flow .csv for  56 of 129"
  program to write hourly ascii output from a wdm
 wdm name, start year, end year, dsn
 hourly average =    0.0000000000000000     
 annual average =    0.0000000000000000     
setwd /opt/model/p6/vadeq/tmp/wdm/land/gom/vahydro_2022
[1] "Creating unit flow .csv for  57 of 129"
  program to write hourly ascii output from a wdm
 wdm name, start year, end year, dsn
 hourly average =    4.3632752420098158E-004
 annual average =    3.8250593445900103     
setwd /opt/model/p6/vadeq/tmp/wdm/land/gwm/vahydro_2022
[1] "Creating unit flow .csv for  58 of 129"
  program to write hourly ascii output from a wdm
 wdm name, start year, end year, dsn
 hourly average =    4.3632752420098158E-004
 annual average =    3.8250593445900103     
setwd /opt/model/p6/vadeq/tmp/wdm/land/hfr/vahydro_2022
[1] "Creating unit flow .csv for  59 of 129"
  program to write hourly ascii output from a wdm
 wdm name, start year, end year, dsn
 hourly average =    4.5279899341152884E-004
 annual average =    3.9694562568368510     
setwd /opt/model/p6/vadeq/tmp/wdm/land/lhy/vahydro_2022
[1] "Creating unit flow .csv for  60 of 129"
  program to write hourly ascii output from a wdm
 wdm name, start year, end year, dsn
 hourly average =    3.6808402385179182E-004
 annual average =    3.2268036209883024     
setwd /opt/model/p6/vadeq/tmp/wdm/land/mch/vahydro_2022
[1] "Creating unit flow .csv for  61 of 129"
  program to write hourly ascii output from a wdm
 wdm name, start year, end year, dsn
 hourly average =    3.9221253379983340E-004
 annual average =    3.4383258773868635     
setwd /opt/model/p6/vadeq/tmp/wdm/land/mci/vahydro_2022
[1] "Creating unit flow .csv for  62 of 129"
  program to write hourly ascii output from a wdm
 wdm name, start year, end year, dsn
 hourly average =    0.0000000000000000     
 annual average =    0.0000000000000000     
setwd /opt/model/p6/vadeq/tmp/wdm/land/mcn/vahydro_2022
[1] "Creating unit flow .csv for  63 of 129"
  program to write hourly ascii output from a wdm
 wdm name, start year, end year, dsn
 hourly average =    1.9146468192522849E-004
 annual average =    1.6784725467369490     
setwd /opt/model/p6/vadeq/tmp/wdm/land/mir/vahydro_2022
[1] "Creating unit flow .csv for  64 of 129"
  program to write hourly ascii output from a wdm
 wdm name, start year, end year, dsn
 hourly average =    0.0000000000000000     
 annual average =    0.0000000000000000     
setwd /opt/model/p6/vadeq/tmp/wdm/land/mnr/vahydro_2022
[1] "Creating unit flow .csv for  65 of 129"
  program to write hourly ascii output from a wdm
 wdm name, start year, end year, dsn
 hourly average =    0.0000000000000000     
 annual average =    0.0000000000000000     
setwd /opt/model/p6/vadeq/tmp/wdm/land/mtg/vahydro_2022
[1] "Creating unit flow .csv for  66 of 129"
  program to write hourly ascii output from a wdm
 wdm name, start year, end year, dsn
 hourly average =    3.9221253379983340E-004
 annual average =    3.4383258773868635     
setwd /opt/model/p6/vadeq/tmp/wdm/land/nch/vahydro_2022
[1] "Creating unit flow .csv for  67 of 129"
  program to write hourly ascii output from a wdm
 wdm name, start year, end year, dsn
 hourly average =    3.9221253379983340E-004
 annual average =    3.4383258773868635     
setwd /opt/model/p6/vadeq/tmp/wdm/land/nci/vahydro_2022
[1] "Creating unit flow .csv for  68 of 129"
  program to write hourly ascii output from a wdm
 wdm name, start year, end year, dsn
 hourly average =    0.0000000000000000     
 annual average =    0.0000000000000000     
setwd /opt/model/p6/vadeq/tmp/wdm/land/nir/vahydro_2022
[1] "Creating unit flow .csv for  69 of 129"
  program to write hourly ascii output from a wdm
 wdm name, start year, end year, dsn
 hourly average =    0.0000000000000000     
 annual average =    0.0000000000000000     
setwd /opt/model/p6/vadeq/tmp/wdm/land/nnr/vahydro_2022
[1] "Creating unit flow .csv for  70 of 129"
  program to write hourly ascii output from a wdm
 wdm name, start year, end year, dsn
 hourly average =    0.0000000000000000     
 annual average =    0.0000000000000000     
setwd /opt/model/p6/vadeq/tmp/wdm/land/ntg/vahydro_2022
[1] "Creating unit flow .csv for  71 of 129"
  program to write hourly ascii output from a wdm
 wdm name, start year, end year, dsn
 hourly average =    3.9221253379983340E-004
 annual average =    3.4383258773868635     
setwd /opt/model/p6/vadeq/tmp/wdm/land/oac/vahydro_2022
[1] "Creating unit flow .csv for  72 of 129"
  program to write hourly ascii output from a wdm
 wdm name, start year, end year, dsn
 hourly average =    4.3632752420098158E-004
 annual average =    3.8250593445900103     
setwd /opt/model/p6/vadeq/tmp/wdm/land/ohy/vahydro_2022
[1] "Creating unit flow .csv for  73 of 129"
  program to write hourly ascii output from a wdm
 wdm name, start year, end year, dsn
 hourly average =    3.6808402385179182E-004
 annual average =    3.2268036209883024     
setwd /opt/model/p6/vadeq/tmp/wdm/land/osp/vahydro_2022
[1] "Creating unit flow .csv for  74 of 129"
  program to write hourly ascii output from a wdm
 wdm name, start year, end year, dsn
 hourly average =    3.4458016911641909E-004
 annual average =    3.0207573960703162     
setwd /opt/model/p6/vadeq/tmp/wdm/land/pas/vahydro_2022
[1] "Creating unit flow .csv for  75 of 129"
  program to write hourly ascii output from a wdm
 wdm name, start year, end year, dsn
 hourly average =    3.6808402385179182E-004
 annual average =    3.2268036209883024     
setwd /opt/model/p6/vadeq/tmp/wdm/land/sch/vahydro_2022
[1] "Creating unit flow .csv for  76 of 129"
  program to write hourly ascii output from a wdm
 wdm name, start year, end year, dsn
 hourly average =    4.3632752420098158E-004
 annual average =    3.8250593445900103     
setwd /opt/model/p6/vadeq/tmp/wdm/land/scl/vahydro_2022
[1] "Creating unit flow .csv for  77 of 129"
  program to write hourly ascii output from a wdm
 wdm name, start year, end year, dsn
 hourly average =    4.3632752420098158E-004
 annual average =    3.8250593445900103     
setwd /opt/model/p6/vadeq/tmp/wdm/land/sgg/vahydro_2022
[1] "Creating unit flow .csv for  78 of 129"
  program to write hourly ascii output from a wdm
 wdm name, start year, end year, dsn
 hourly average =    4.3632752420098158E-004
 annual average =    3.8250593445900103     
setwd /opt/model/p6/vadeq/tmp/wdm/land/sho/vahydro_2022
[1] "Creating unit flow .csv for  79 of 129"
  program to write hourly ascii output from a wdm
 wdm name, start year, end year, dsn
 hourly average =    0.0000000000000000     
 annual average =    0.0000000000000000     
setwd /opt/model/p6/vadeq/tmp/wdm/land/som/vahydro_2022
[1] "Creating unit flow .csv for  80 of 129"
  program to write hourly ascii output from a wdm
 wdm name, start year, end year, dsn
 hourly average =    4.3632752420098158E-004
 annual average =    3.8250593445900103     
setwd /opt/model/p6/vadeq/tmp/wdm/land/soy/vahydro_2022
[1] "Creating unit flow .csv for  81 of 129"
  program to write hourly ascii output from a wdm
 wdm name, start year, end year, dsn
 hourly average =    4.3632752420098158E-004
 annual average =    3.8250593445900103     
setwd /opt/model/p6/vadeq/tmp/wdm/land/stb/vahydro_2022
[1] "Creating unit flow .csv for  82 of 129"
  program to write hourly ascii output from a wdm
 wdm name, start year, end year, dsn
 hourly average =    0.0000000000000000     
 annual average =    0.0000000000000000     
setwd /opt/model/p6/vadeq/tmp/wdm/land/stf/vahydro_2022
[1] "Creating unit flow .csv for  83 of 129"
  program to write hourly ascii output from a wdm
 wdm name, start year, end year, dsn
 hourly average =    0.0000000000000000     
 annual average =    0.0000000000000000     
setwd /opt/model/p6/vadeq/tmp/wdm/land/swm/vahydro_2022
[1] "Creating unit flow .csv for  84 of 129"
  program to write hourly ascii output from a wdm
 wdm name, start year, end year, dsn
 hourly average =    4.3632752420098158E-004
 annual average =    3.8250593445900103     
setwd /opt/model/p6/vadeq/tmp/wdm/land/wfp/vahydro_2022
[1] "Creating unit flow .csv for  85 of 129"
  program to write hourly ascii output from a wdm
 wdm name, start year, end year, dsn
 hourly average =    3.4460496143264686E-004
 annual average =    3.0209747375754956     
setwd /opt/model/p6/vadeq/tmp/wdm/land/wto/vahydro_2022
[1] "Creating unit flow .csv for  86 of 129"
  program to write hourly ascii output from a wdm
 wdm name, start year, end year, dsn
 hourly average =    3.4460496143264686E-004
 annual average =    3.0209747375754956     
setwd /opt/model/p6/vadeq/tmp/wdm/land/aop/vahydro_2022
[1] "Creating unit flow .csv for  87 of 129"
  program to write hourly ascii output from a wdm
 wdm name, start year, end year, dsn
 hourly average =    7.4931168473969822E-004
 annual average =    6.5688307584369872     
setwd /opt/model/p6/vadeq/tmp/wdm/land/cch/vahydro_2022
[1] "Creating unit flow .csv for  88 of 129"
  program to write hourly ascii output from a wdm
 wdm name, start year, end year, dsn
 hourly average =    5.3012195613174218E-004
 annual average =    4.6473069646187000     
setwd /opt/model/p6/vadeq/tmp/wdm/land/cci/vahydro_2022
[1] "Creating unit flow .csv for  89 of 129"
  program to write hourly ascii output from a wdm
 wdm name, start year, end year, dsn
 hourly average =    0.0000000000000000     
 annual average =    0.0000000000000000     
setwd /opt/model/p6/vadeq/tmp/wdm/land/ccn/vahydro_2022
[1] "Creating unit flow .csv for  90 of 129"
  program to write hourly ascii output from a wdm
 wdm name, start year, end year, dsn
 hourly average =    3.4799701361519519E-004
 annual average =    3.0507111171952626     
setwd /opt/model/p6/vadeq/tmp/wdm/land/cfr/vahydro_2022
[1] "Creating unit flow .csv for  91 of 129"
  program to write hourly ascii output from a wdm
 wdm name, start year, end year, dsn
 hourly average =    6.9622014922586907E-004
 annual average =    6.1034045298081860     
setwd /opt/model/p6/vadeq/tmp/wdm/land/cir/vahydro_2022
[1] "Creating unit flow .csv for  92 of 129"
  program to write hourly ascii output from a wdm
 wdm name, start year, end year, dsn
 hourly average =    0.0000000000000000     
 annual average =    0.0000000000000000     
setwd /opt/model/p6/vadeq/tmp/wdm/land/cmo/vahydro_2022
[1] "Creating unit flow .csv for  93 of 129"
  program to write hourly ascii output from a wdm
 wdm name, start year, end year, dsn
 hourly average =    6.8365346436616466E-004
 annual average =    5.9932388568056529     
setwd /opt/model/p6/vadeq/tmp/wdm/land/cnr/vahydro_2022
[1] "Creating unit flow .csv for  94 of 129"
  program to write hourly ascii output from a wdm
 wdm name, start year, end year, dsn
 hourly average =    0.0000000000000000     
 annual average =    0.0000000000000000     
setwd /opt/model/p6/vadeq/tmp/wdm/land/ctg/vahydro_2022
[1] "Creating unit flow .csv for  95 of 129"
  program to write hourly ascii output from a wdm
 wdm name, start year, end year, dsn
 hourly average =    5.3012195613174218E-004
 annual average =    4.6473069646187000     
setwd /opt/model/p6/vadeq/tmp/wdm/land/dbl/vahydro_2022
[1] "Creating unit flow .csv for  96 of 129"
  program to write hourly ascii output from a wdm
 wdm name, start year, end year, dsn
 hourly average =    6.1941503740466878E-004
 annual average =    5.4300935549345501     
setwd /opt/model/p6/vadeq/tmp/wdm/land/fnp/vahydro_2022
[1] "Creating unit flow .csv for  97 of 129"
  program to write hourly ascii output from a wdm
 wdm name, start year, end year, dsn
 hourly average =    0.0000000000000000     
 annual average =    0.0000000000000000     
setwd /opt/model/p6/vadeq/tmp/wdm/land/for/vahydro_2022
[1] "Creating unit flow .csv for  98 of 129"
  program to write hourly ascii output from a wdm
 wdm name, start year, end year, dsn
 hourly average =    7.0117599491315876E-004
 annual average =    6.1468498840549239     
setwd /opt/model/p6/vadeq/tmp/wdm/land/fsp/vahydro_2022
[1] "Creating unit flow .csv for  99 of 129"
  program to write hourly ascii output from a wdm
 wdm name, start year, end year, dsn
 hourly average =    0.0000000000000000     
 annual average =    0.0000000000000000     
setwd /opt/model/p6/vadeq/tmp/wdm/land/gom/vahydro_2022
[1] "Creating unit flow .csv for  100 of 129"
  program to write hourly ascii output from a wdm
 wdm name, start year, end year, dsn
 hourly average =    6.1941503740466878E-004
 annual average =    5.4300935549345501     
setwd /opt/model/p6/vadeq/tmp/wdm/land/gwm/vahydro_2022
[1] "Creating unit flow .csv for  101 of 129"
  program to write hourly ascii output from a wdm
 wdm name, start year, end year, dsn
 hourly average =    6.1941503740466878E-004
 annual average =    5.4300935549345501     
setwd /opt/model/p6/vadeq/tmp/wdm/land/hfr/vahydro_2022
[1] "Creating unit flow .csv for  102 of 129"
  program to write hourly ascii output from a wdm
 wdm name, start year, end year, dsn
 hourly average =    7.8164285117290400E-004
 annual average =    6.8522614920660310     
setwd /opt/model/p6/vadeq/tmp/wdm/land/lhy/vahydro_2022
[1] "Creating unit flow .csv for  103 of 129"
  program to write hourly ascii output from a wdm
 wdm name, start year, end year, dsn
 hourly average =    7.5193053181347416E-004
 annual average =    6.5917888459194192     
setwd /opt/model/p6/vadeq/tmp/wdm/land/mch/vahydro_2022
[1] "Creating unit flow .csv for  104 of 129"
  program to write hourly ascii output from a wdm
 wdm name, start year, end year, dsn
 hourly average =    5.3012195613174218E-004
 annual average =    4.6473069646187000     
setwd /opt/model/p6/vadeq/tmp/wdm/land/mci/vahydro_2022
[1] "Creating unit flow .csv for  105 of 129"
  program to write hourly ascii output from a wdm
 wdm name, start year, end year, dsn
 hourly average =    0.0000000000000000     
 annual average =    0.0000000000000000     
setwd /opt/model/p6/vadeq/tmp/wdm/land/mcn/vahydro_2022
[1] "Creating unit flow .csv for  106 of 129"
  program to write hourly ascii output from a wdm
 wdm name, start year, end year, dsn
 hourly average =    3.4799701361519519E-004
 annual average =    3.0507111171952626     
setwd /opt/model/p6/vadeq/tmp/wdm/land/mir/vahydro_2022
[1] "Creating unit flow .csv for  107 of 129"
  program to write hourly ascii output from a wdm
 wdm name, start year, end year, dsn
 hourly average =    0.0000000000000000     
 annual average =    0.0000000000000000     
setwd /opt/model/p6/vadeq/tmp/wdm/land/mnr/vahydro_2022
[1] "Creating unit flow .csv for  108 of 129"
  program to write hourly ascii output from a wdm
 wdm name, start year, end year, dsn
 hourly average =    0.0000000000000000     
 annual average =    0.0000000000000000     
setwd /opt/model/p6/vadeq/tmp/wdm/land/mtg/vahydro_2022
[1] "Creating unit flow .csv for  109 of 129"
  program to write hourly ascii output from a wdm
 wdm name, start year, end year, dsn
 hourly average =    5.3012195613174218E-004
 annual average =    4.6473069646187000     
setwd /opt/model/p6/vadeq/tmp/wdm/land/nch/vahydro_2022
[1] "Creating unit flow .csv for  110 of 129"
  program to write hourly ascii output from a wdm
 wdm name, start year, end year, dsn
 hourly average =    5.3012195613174218E-004
 annual average =    4.6473069646187000     
setwd /opt/model/p6/vadeq/tmp/wdm/land/nci/vahydro_2022
[1] "Creating unit flow .csv for  111 of 129"
  program to write hourly ascii output from a wdm
 wdm name, start year, end year, dsn
 hourly average =    0.0000000000000000     
 annual average =    0.0000000000000000     
setwd /opt/model/p6/vadeq/tmp/wdm/land/nir/vahydro_2022
[1] "Creating unit flow .csv for  112 of 129"
  program to write hourly ascii output from a wdm
 wdm name, start year, end year, dsn
 hourly average =    0.0000000000000000     
 annual average =    0.0000000000000000     
setwd /opt/model/p6/vadeq/tmp/wdm/land/nnr/vahydro_2022
[1] "Creating unit flow .csv for  113 of 129"
  program to write hourly ascii output from a wdm
 wdm name, start year, end year, dsn
 hourly average =    0.0000000000000000     
 annual average =    0.0000000000000000     
setwd /opt/model/p6/vadeq/tmp/wdm/land/ntg/vahydro_2022
[1] "Creating unit flow .csv for  114 of 129"
  program to write hourly ascii output from a wdm
 wdm name, start year, end year, dsn
 hourly average =    5.3012195613174218E-004
 annual average =    4.6473069646187000     
setwd /opt/model/p6/vadeq/tmp/wdm/land/oac/vahydro_2022
[1] "Creating unit flow .csv for  115 of 129"
  program to write hourly ascii output from a wdm
 wdm name, start year, end year, dsn
 hourly average =    6.1941503740466878E-004
 annual average =    5.4300935549345501     
setwd /opt/model/p6/vadeq/tmp/wdm/land/ohy/vahydro_2022
[1] "Creating unit flow .csv for  116 of 129"
  program to write hourly ascii output from a wdm
 wdm name, start year, end year, dsn
 hourly average =    7.5193053181347416E-004
 annual average =    6.5917888459194192     
setwd /opt/model/p6/vadeq/tmp/wdm/land/osp/vahydro_2022
[1] "Creating unit flow .csv for  117 of 129"
  program to write hourly ascii output from a wdm
 wdm name, start year, end year, dsn
 hourly average =    6.8245354808880976E-004
 annual average =    5.9827198069753056     
setwd /opt/model/p6/vadeq/tmp/wdm/land/pas/vahydro_2022
[1] "Creating unit flow .csv for  118 of 129"
  program to write hourly ascii output from a wdm
 wdm name, start year, end year, dsn
 hourly average =    7.5193053181347416E-004
 annual average =    6.5917888459194192     
setwd /opt/model/p6/vadeq/tmp/wdm/land/sch/vahydro_2022
[1] "Creating unit flow .csv for  119 of 129"
  program to write hourly ascii output from a wdm
 wdm name, start year, end year, dsn
 hourly average =    6.1941503740466878E-004
 annual average =    5.4300935549345501     
setwd /opt/model/p6/vadeq/tmp/wdm/land/scl/vahydro_2022
[1] "Creating unit flow .csv for  120 of 129"
  program to write hourly ascii output from a wdm
 wdm name, start year, end year, dsn
 hourly average =    6.1941503740466878E-004
 annual average =    5.4300935549345501     
setwd /opt/model/p6/vadeq/tmp/wdm/land/sgg/vahydro_2022
[1] "Creating unit flow .csv for  121 of 129"
  program to write hourly ascii output from a wdm
 wdm name, start year, end year, dsn
 hourly average =    6.1941503740466878E-004
 annual average =    5.4300935549345501     
setwd /opt/model/p6/vadeq/tmp/wdm/land/sho/vahydro_2022
[1] "Creating unit flow .csv for  122 of 129"
  program to write hourly ascii output from a wdm
 wdm name, start year, end year, dsn
 hourly average =    0.0000000000000000     
 annual average =    0.0000000000000000     
setwd /opt/model/p6/vadeq/tmp/wdm/land/som/vahydro_2022
[1] "Creating unit flow .csv for  123 of 129"
  program to write hourly ascii output from a wdm
 wdm name, start year, end year, dsn
 hourly average =    6.1941503740466878E-004
 annual average =    5.4300935549345501     
setwd /opt/model/p6/vadeq/tmp/wdm/land/soy/vahydro_2022
[1] "Creating unit flow .csv for  124 of 129"
  program to write hourly ascii output from a wdm
 wdm name, start year, end year, dsn
 hourly average =    6.1941503740466878E-004
 annual average =    5.4300935549345501     
setwd /opt/model/p6/vadeq/tmp/wdm/land/stb/vahydro_2022
[1] "Creating unit flow .csv for  125 of 129"
  program to write hourly ascii output from a wdm
 wdm name, start year, end year, dsn
 hourly average =    0.0000000000000000     
 annual average =    0.0000000000000000     
setwd /opt/model/p6/vadeq/tmp/wdm/land/stf/vahydro_2022
[1] "Creating unit flow .csv for  126 of 129"
  program to write hourly ascii output from a wdm
 wdm name, start year, end year, dsn
 hourly average =    0.0000000000000000     
 annual average =    0.0000000000000000     
setwd /opt/model/p6/vadeq/tmp/wdm/land/swm/vahydro_2022
[1] "Creating unit flow .csv for  127 of 129"
  program to write hourly ascii output from a wdm
 wdm name, start year, end year, dsn
 hourly average =    6.1941503740466878E-004
 annual average =    5.4300935549345501     
setwd /opt/model/p6/vadeq/tmp/wdm/land/wfp/vahydro_2022
[1] "Creating unit flow .csv for  128 of 129"
  program to write hourly ascii output from a wdm
 wdm name, start year, end year, dsn
 hourly average =    7.0117599491315876E-004
 annual average =    6.1468498840549239     
setwd /opt/model/p6/vadeq/tmp/wdm/land/wto/vahydro_2022
[1] "Creating unit flow .csv for  129 of 129"
  program to write hourly ascii output from a wdm
 wdm name, start year, end year, dsn
 hourly average =    7.0117599491315876E-004
 annual average =    6.1468498840549239     
[1] "Downloading 1 of 129"
read /opt/model/p6/vadeq/tmp/wdm/land/aop/vahydro_2022/aopN51137_0111.csv
[1] "Downloading 2 of 129"
read /opt/model/p6/vadeq/tmp/wdm/land/cch/vahydro_2022/cchN51137_0111.csv
[1] "Downloading 3 of 129"
read /opt/model/p6/vadeq/tmp/wdm/land/cci/vahydro_2022/cciN51137_0111.csv
[1] "Downloading 4 of 129"
read /opt/model/p6/vadeq/tmp/wdm/land/ccn/vahydro_2022/ccnN51137_0111.csv
[1] "Downloading 5 of 129"
read /opt/model/p6/vadeq/tmp/wdm/land/cfr/vahydro_2022/cfrN51137_0111.csv
[1] "Downloading 6 of 129"
read /opt/model/p6/vadeq/tmp/wdm/land/cir/vahydro_2022/cirN51137_0111.csv
[1] "Downloading 7 of 129"
read /opt/model/p6/vadeq/tmp/wdm/land/cmo/vahydro_2022/cmoN51137_0111.csv
[1] "Downloading 8 of 129"
read /opt/model/p6/vadeq/tmp/wdm/land/cnr/vahydro_2022/cnrN51137_0111.csv
[1] "Downloading 9 of 129"
read /opt/model/p6/vadeq/tmp/wdm/land/ctg/vahydro_2022/ctgN51137_0111.csv
[1] "Downloading 10 of 129"
read /opt/model/p6/vadeq/tmp/wdm/land/dbl/vahydro_2022/dblN51137_0111.csv
[1] "Downloading 11 of 129"
read /opt/model/p6/vadeq/tmp/wdm/land/fnp/vahydro_2022/fnpN51137_0111.csv
[1] "Downloading 12 of 129"
read /opt/model/p6/vadeq/tmp/wdm/land/for/vahydro_2022/forN51137_0111.csv
[1] "Downloading 13 of 129"
read /opt/model/p6/vadeq/tmp/wdm/land/fsp/vahydro_2022/fspN51137_0111.csv
[1] "Downloading 14 of 129"
read /opt/model/p6/vadeq/tmp/wdm/land/gom/vahydro_2022/gomN51137_0111.csv
[1] "Downloading 15 of 129"
read /opt/model/p6/vadeq/tmp/wdm/land/gwm/vahydro_2022/gwmN51137_0111.csv
[1] "Downloading 16 of 129"
read /opt/model/p6/vadeq/tmp/wdm/land/hfr/vahydro_2022/hfrN51137_0111.csv
[1] "Downloading 17 of 129"
read /opt/model/p6/vadeq/tmp/wdm/land/lhy/vahydro_2022/lhyN51137_0111.csv
[1] "Downloading 18 of 129"
read /opt/model/p6/vadeq/tmp/wdm/land/mch/vahydro_2022/mchN51137_0111.csv
[1] "Downloading 19 of 129"
read /opt/model/p6/vadeq/tmp/wdm/land/mci/vahydro_2022/mciN51137_0111.csv
[1] "Downloading 20 of 129"
read /opt/model/p6/vadeq/tmp/wdm/land/mcn/vahydro_2022/mcnN51137_0111.csv
[1] "Downloading 21 of 129"
read /opt/model/p6/vadeq/tmp/wdm/land/mir/vahydro_2022/mirN51137_0111.csv
[1] "Downloading 22 of 129"
read /opt/model/p6/vadeq/tmp/wdm/land/mnr/vahydro_2022/mnrN51137_0111.csv
[1] "Downloading 23 of 129"
read /opt/model/p6/vadeq/tmp/wdm/land/mtg/vahydro_2022/mtgN51137_0111.csv
[1] "Downloading 24 of 129"
read /opt/model/p6/vadeq/tmp/wdm/land/nch/vahydro_2022/nchN51137_0111.csv
[1] "Downloading 25 of 129"
read /opt/model/p6/vadeq/tmp/wdm/land/nci/vahydro_2022/nciN51137_0111.csv
[1] "Downloading 26 of 129"
read /opt/model/p6/vadeq/tmp/wdm/land/nir/vahydro_2022/nirN51137_0111.csv
[1] "Downloading 27 of 129"
read /opt/model/p6/vadeq/tmp/wdm/land/nnr/vahydro_2022/nnrN51137_0111.csv
[1] "Downloading 28 of 129"
read /opt/model/p6/vadeq/tmp/wdm/land/ntg/vahydro_2022/ntgN51137_0111.csv
[1] "Downloading 29 of 129"
read /opt/model/p6/vadeq/tmp/wdm/land/oac/vahydro_2022/oacN51137_0111.csv
[1] "Downloading 30 of 129"
read /opt/model/p6/vadeq/tmp/wdm/land/ohy/vahydro_2022/ohyN51137_0111.csv
[1] "Downloading 31 of 129"
read /opt/model/p6/vadeq/tmp/wdm/land/osp/vahydro_2022/ospN51137_0111.csv
[1] "Downloading 32 of 129"
read /opt/model/p6/vadeq/tmp/wdm/land/pas/vahydro_2022/pasN51137_0111.csv
[1] "Downloading 33 of 129"
read /opt/model/p6/vadeq/tmp/wdm/land/sch/vahydro_2022/schN51137_0111.csv
[1] "Downloading 34 of 129"
read /opt/model/p6/vadeq/tmp/wdm/land/scl/vahydro_2022/sclN51137_0111.csv
[1] "Downloading 35 of 129"
read /opt/model/p6/vadeq/tmp/wdm/land/sgg/vahydro_2022/sggN51137_0111.csv
[1] "Downloading 36 of 129"
read /opt/model/p6/vadeq/tmp/wdm/land/sho/vahydro_2022/shoN51137_0111.csv
[1] "Downloading 37 of 129"
read /opt/model/p6/vadeq/tmp/wdm/land/som/vahydro_2022/somN51137_0111.csv
[1] "Downloading 38 of 129"
read /opt/model/p6/vadeq/tmp/wdm/land/soy/vahydro_2022/soyN51137_0111.csv
[1] "Downloading 39 of 129"
read /opt/model/p6/vadeq/tmp/wdm/land/stb/vahydro_2022/stbN51137_0111.csv
[1] "Downloading 40 of 129"
read /opt/model/p6/vadeq/tmp/wdm/land/stf/vahydro_2022/stfN51137_0111.csv
[1] "Downloading 41 of 129"
read /opt/model/p6/vadeq/tmp/wdm/land/swm/vahydro_2022/swmN51137_0111.csv
[1] "Downloading 42 of 129"
read /opt/model/p6/vadeq/tmp/wdm/land/wfp/vahydro_2022/wfpN51137_0111.csv
[1] "Downloading 43 of 129"
read /opt/model/p6/vadeq/tmp/wdm/land/wto/vahydro_2022/wtoN51137_0111.csv
[1] "Downloading 44 of 129"
read /opt/model/p6/vadeq/tmp/wdm/land/aop/vahydro_2022/aopN51137_0211.csv
[1] "Downloading 45 of 129"
read /opt/model/p6/vadeq/tmp/wdm/land/cch/vahydro_2022/cchN51137_0211.csv
[1] "Downloading 46 of 129"
read /opt/model/p6/vadeq/tmp/wdm/land/cci/vahydro_2022/cciN51137_0211.csv
[1] "Downloading 47 of 129"
read /opt/model/p6/vadeq/tmp/wdm/land/ccn/vahydro_2022/ccnN51137_0211.csv
[1] "Downloading 48 of 129"
read /opt/model/p6/vadeq/tmp/wdm/land/cfr/vahydro_2022/cfrN51137_0211.csv
[1] "Downloading 49 of 129"
read /opt/model/p6/vadeq/tmp/wdm/land/cir/vahydro_2022/cirN51137_0211.csv
[1] "Downloading 50 of 129"
read /opt/model/p6/vadeq/tmp/wdm/land/cmo/vahydro_2022/cmoN51137_0211.csv
[1] "Downloading 51 of 129"
read /opt/model/p6/vadeq/tmp/wdm/land/cnr/vahydro_2022/cnrN51137_0211.csv
[1] "Downloading 52 of 129"
read /opt/model/p6/vadeq/tmp/wdm/land/ctg/vahydro_2022/ctgN51137_0211.csv
[1] "Downloading 53 of 129"
read /opt/model/p6/vadeq/tmp/wdm/land/dbl/vahydro_2022/dblN51137_0211.csv
[1] "Downloading 54 of 129"
read /opt/model/p6/vadeq/tmp/wdm/land/fnp/vahydro_2022/fnpN51137_0211.csv
[1] "Downloading 55 of 129"
read /opt/model/p6/vadeq/tmp/wdm/land/for/vahydro_2022/forN51137_0211.csv
[1] "Downloading 56 of 129"
read /opt/model/p6/vadeq/tmp/wdm/land/fsp/vahydro_2022/fspN51137_0211.csv
[1] "Downloading 57 of 129"
read /opt/model/p6/vadeq/tmp/wdm/land/gom/vahydro_2022/gomN51137_0211.csv
[1] "Downloading 58 of 129"
read /opt/model/p6/vadeq/tmp/wdm/land/gwm/vahydro_2022/gwmN51137_0211.csv
[1] "Downloading 59 of 129"
read /opt/model/p6/vadeq/tmp/wdm/land/hfr/vahydro_2022/hfrN51137_0211.csv
[1] "Downloading 60 of 129"
read /opt/model/p6/vadeq/tmp/wdm/land/lhy/vahydro_2022/lhyN51137_0211.csv
[1] "Downloading 61 of 129"
read /opt/model/p6/vadeq/tmp/wdm/land/mch/vahydro_2022/mchN51137_0211.csv
[1] "Downloading 62 of 129"
read /opt/model/p6/vadeq/tmp/wdm/land/mci/vahydro_2022/mciN51137_0211.csv
[1] "Downloading 63 of 129"
read /opt/model/p6/vadeq/tmp/wdm/land/mcn/vahydro_2022/mcnN51137_0211.csv
[1] "Downloading 64 of 129"
read /opt/model/p6/vadeq/tmp/wdm/land/mir/vahydro_2022/mirN51137_0211.csv
[1] "Downloading 65 of 129"
read /opt/model/p6/vadeq/tmp/wdm/land/mnr/vahydro_2022/mnrN51137_0211.csv
[1] "Downloading 66 of 129"
read /opt/model/p6/vadeq/tmp/wdm/land/mtg/vahydro_2022/mtgN51137_0211.csv
[1] "Downloading 67 of 129"
read /opt/model/p6/vadeq/tmp/wdm/land/nch/vahydro_2022/nchN51137_0211.csv
[1] "Downloading 68 of 129"
read /opt/model/p6/vadeq/tmp/wdm/land/nci/vahydro_2022/nciN51137_0211.csv
[1] "Downloading 69 of 129"
read /opt/model/p6/vadeq/tmp/wdm/land/nir/vahydro_2022/nirN51137_0211.csv
[1] "Downloading 70 of 129"
read /opt/model/p6/vadeq/tmp/wdm/land/nnr/vahydro_2022/nnrN51137_0211.csv
[1] "Downloading 71 of 129"
read /opt/model/p6/vadeq/tmp/wdm/land/ntg/vahydro_2022/ntgN51137_0211.csv
[1] "Downloading 72 of 129"
read /opt/model/p6/vadeq/tmp/wdm/land/oac/vahydro_2022/oacN51137_0211.csv
[1] "Downloading 73 of 129"
read /opt/model/p6/vadeq/tmp/wdm/land/ohy/vahydro_2022/ohyN51137_0211.csv
[1] "Downloading 74 of 129"
read /opt/model/p6/vadeq/tmp/wdm/land/osp/vahydro_2022/ospN51137_0211.csv
[1] "Downloading 75 of 129"
read /opt/model/p6/vadeq/tmp/wdm/land/pas/vahydro_2022/pasN51137_0211.csv
[1] "Downloading 76 of 129"
read /opt/model/p6/vadeq/tmp/wdm/land/sch/vahydro_2022/schN51137_0211.csv
[1] "Downloading 77 of 129"
read /opt/model/p6/vadeq/tmp/wdm/land/scl/vahydro_2022/sclN51137_0211.csv
[1] "Downloading 78 of 129"
read /opt/model/p6/vadeq/tmp/wdm/land/sgg/vahydro_2022/sggN51137_0211.csv
[1] "Downloading 79 of 129"
read /opt/model/p6/vadeq/tmp/wdm/land/sho/vahydro_2022/shoN51137_0211.csv
[1] "Downloading 80 of 129"
read /opt/model/p6/vadeq/tmp/wdm/land/som/vahydro_2022/somN51137_0211.csv
[1] "Downloading 81 of 129"
read /opt/model/p6/vadeq/tmp/wdm/land/soy/vahydro_2022/soyN51137_0211.csv
[1] "Downloading 82 of 129"
read /opt/model/p6/vadeq/tmp/wdm/land/stb/vahydro_2022/stbN51137_0211.csv
[1] "Downloading 83 of 129"
read /opt/model/p6/vadeq/tmp/wdm/land/stf/vahydro_2022/stfN51137_0211.csv
[1] "Downloading 84 of 129"
read /opt/model/p6/vadeq/tmp/wdm/land/swm/vahydro_2022/swmN51137_0211.csv
[1] "Downloading 85 of 129"
read /opt/model/p6/vadeq/tmp/wdm/land/wfp/vahydro_2022/wfpN51137_0211.csv
[1] "Downloading 86 of 129"
read /opt/model/p6/vadeq/tmp/wdm/land/wto/vahydro_2022/wtoN51137_0211.csv
[1] "Downloading 87 of 129"
read /opt/model/p6/vadeq/tmp/wdm/land/aop/vahydro_2022/aopN51137_0411.csv
[1] "Downloading 88 of 129"
read /opt/model/p6/vadeq/tmp/wdm/land/cch/vahydro_2022/cchN51137_0411.csv
[1] "Downloading 89 of 129"
read /opt/model/p6/vadeq/tmp/wdm/land/cci/vahydro_2022/cciN51137_0411.csv
[1] "Downloading 90 of 129"
read /opt/model/p6/vadeq/tmp/wdm/land/ccn/vahydro_2022/ccnN51137_0411.csv
[1] "Downloading 91 of 129"
read /opt/model/p6/vadeq/tmp/wdm/land/cfr/vahydro_2022/cfrN51137_0411.csv
[1] "Downloading 92 of 129"
read /opt/model/p6/vadeq/tmp/wdm/land/cir/vahydro_2022/cirN51137_0411.csv
[1] "Downloading 93 of 129"
read /opt/model/p6/vadeq/tmp/wdm/land/cmo/vahydro_2022/cmoN51137_0411.csv
[1] "Downloading 94 of 129"
read /opt/model/p6/vadeq/tmp/wdm/land/cnr/vahydro_2022/cnrN51137_0411.csv
[1] "Downloading 95 of 129"
read /opt/model/p6/vadeq/tmp/wdm/land/ctg/vahydro_2022/ctgN51137_0411.csv
[1] "Downloading 96 of 129"
read /opt/model/p6/vadeq/tmp/wdm/land/dbl/vahydro_2022/dblN51137_0411.csv
[1] "Downloading 97 of 129"
read /opt/model/p6/vadeq/tmp/wdm/land/fnp/vahydro_2022/fnpN51137_0411.csv
[1] "Downloading 98 of 129"
read /opt/model/p6/vadeq/tmp/wdm/land/for/vahydro_2022/forN51137_0411.csv
[1] "Downloading 99 of 129"
read /opt/model/p6/vadeq/tmp/wdm/land/fsp/vahydro_2022/fspN51137_0411.csv
[1] "Downloading 100 of 129"
read /opt/model/p6/vadeq/tmp/wdm/land/gom/vahydro_2022/gomN51137_0411.csv
[1] "Downloading 101 of 129"
read /opt/model/p6/vadeq/tmp/wdm/land/gwm/vahydro_2022/gwmN51137_0411.csv
[1] "Downloading 102 of 129"
read /opt/model/p6/vadeq/tmp/wdm/land/hfr/vahydro_2022/hfrN51137_0411.csv
[1] "Downloading 103 of 129"
read /opt/model/p6/vadeq/tmp/wdm/land/lhy/vahydro_2022/lhyN51137_0411.csv
[1] "Downloading 104 of 129"
read /opt/model/p6/vadeq/tmp/wdm/land/mch/vahydro_2022/mchN51137_0411.csv
[1] "Downloading 105 of 129"
read /opt/model/p6/vadeq/tmp/wdm/land/mci/vahydro_2022/mciN51137_0411.csv
[1] "Downloading 106 of 129"
read /opt/model/p6/vadeq/tmp/wdm/land/mcn/vahydro_2022/mcnN51137_0411.csv
[1] "Downloading 107 of 129"
read /opt/model/p6/vadeq/tmp/wdm/land/mir/vahydro_2022/mirN51137_0411.csv
[1] "Downloading 108 of 129"
read /opt/model/p6/vadeq/tmp/wdm/land/mnr/vahydro_2022/mnrN51137_0411.csv
[1] "Downloading 109 of 129"
read /opt/model/p6/vadeq/tmp/wdm/land/mtg/vahydro_2022/mtgN51137_0411.csv
[1] "Downloading 110 of 129"
read /opt/model/p6/vadeq/tmp/wdm/land/nch/vahydro_2022/nchN51137_0411.csv
[1] "Downloading 111 of 129"
read /opt/model/p6/vadeq/tmp/wdm/land/nci/vahydro_2022/nciN51137_0411.csv
[1] "Downloading 112 of 129"
read /opt/model/p6/vadeq/tmp/wdm/land/nir/vahydro_2022/nirN51137_0411.csv
[1] "Downloading 113 of 129"
read /opt/model/p6/vadeq/tmp/wdm/land/nnr/vahydro_2022/nnrN51137_0411.csv
[1] "Downloading 114 of 129"
read /opt/model/p6/vadeq/tmp/wdm/land/ntg/vahydro_2022/ntgN51137_0411.csv
[1] "Downloading 115 of 129"
read /opt/model/p6/vadeq/tmp/wdm/land/oac/vahydro_2022/oacN51137_0411.csv
[1] "Downloading 116 of 129"
read /opt/model/p6/vadeq/tmp/wdm/land/ohy/vahydro_2022/ohyN51137_0411.csv
[1] "Downloading 117 of 129"
read /opt/model/p6/vadeq/tmp/wdm/land/osp/vahydro_2022/ospN51137_0411.csv
[1] "Downloading 118 of 129"
read /opt/model/p6/vadeq/tmp/wdm/land/pas/vahydro_2022/pasN51137_0411.csv
[1] "Downloading 119 of 129"
read /opt/model/p6/vadeq/tmp/wdm/land/sch/vahydro_2022/schN51137_0411.csv
[1] "Downloading 120 of 129"
read /opt/model/p6/vadeq/tmp/wdm/land/scl/vahydro_2022/sclN51137_0411.csv
[1] "Downloading 121 of 129"
read /opt/model/p6/vadeq/tmp/wdm/land/sgg/vahydro_2022/sggN51137_0411.csv
[1] "Downloading 122 of 129"
read /opt/model/p6/vadeq/tmp/wdm/land/sho/vahydro_2022/shoN51137_0411.csv
[1] "Downloading 123 of 129"
read /opt/model/p6/vadeq/tmp/wdm/land/som/vahydro_2022/somN51137_0411.csv
[1] "Downloading 124 of 129"
read /opt/model/p6/vadeq/tmp/wdm/land/soy/vahydro_2022/soyN51137_0411.csv
[1] "Downloading 125 of 129"
read /opt/model/p6/vadeq/tmp/wdm/land/stb/vahydro_2022/stbN51137_0411.csv
[1] "Downloading 126 of 129"
read /opt/model/p6/vadeq/tmp/wdm/land/stf/vahydro_2022/stfN51137_0411.csv
[1] "Downloading 127 of 129"
read /opt/model/p6/vadeq/tmp/wdm/land/swm/vahydro_2022/swmN51137_0411.csv
[1] "Downloading 128 of 129"
read /opt/model/p6/vadeq/tmp/wdm/land/wfp/vahydro_2022/wfpN51137_0411.csv
[1] "Downloading 129 of 129"
read /opt/model/p6/vadeq/tmp/wdm/land/wto/vahydro_2022/wtoN51137_0411.csv
Exported file /media/model/p6/out/land/vahydro_2022/eos/N51137_0111-0211-0411.csv
Model run completed without errors.
Removing work path /opt/model/p6/vadeq/tmp/scratch/8774
